#
# There is insufficient memory for the Java Runtime Environment to continue.
# Native memory allocation (mmap) failed to map 65536 bytes for Failed to commit metaspace.
# Possible reasons:
#   The system is out of physical RAM or swap space
#   The process is running with CompressedOops enabled, and the Java Heap may be blocking the growth of the native heap
# Possible solutions:
#   Reduce memory load on the system
#   Increase physical memory or swap space
#   Check if swap backing store is full
#   Decrease Java heap size (-Xmx/-Xms)
#   Decrease number of Java threads
#   Decrease Java thread stack sizes (-Xss)
#   Set larger code cache with -XX:ReservedCodeCacheSize=
#   JVM is running with Zero Based Compressed Oops mode in which the Java heap is
#     placed in the first 32GB address space. The Java Heap base address is the
#     maximum limit for the native heap growth. Please use -XX:HeapBaseMinAddress
#     to set the Java Heap base and to place the Java Heap above 32GB virtual address.
# This output file may be truncated or incomplete.
#
#  Out of Memory Error (virtualSpaceNode.cpp:110), pid=1880, tid=22268
#
# JRE version: OpenJDK Runtime Environment JBR-17.0.9+8-1166.2-nomod (17.0.9+8) (build 17.0.9+8-b1166.2)
# Java VM: OpenJDK 64-Bit Server VM JBR-17.0.9+8-1166.2-nomod (17.0.9+8-b1166.2, mixed mode, tiered, compressed oops, compressed class ptrs, g1 gc, windows-amd64)
# No core dump will be written. Minidumps are not enabled by default on client versions of Windows
#

---------------  S U M M A R Y ------------

Command Line: -Dmaven.multiModuleProjectDirectory=C:\Users\tahan\OneDrive\Bureau\projetjava\GlowAppJava\GlowAppJava -Djansi.passthrough=true -Dmaven.home=C:\Program Files\JetBrains\IntelliJ IDEA 2023.3.4\plugins\maven\lib\maven3 -Dclassworlds.conf=C:\Program Files\JetBrains\IntelliJ IDEA 2023.3.4\plugins\maven\lib\maven3\bin\m2.conf -Dmaven.ext.class.path=C:\Program Files\JetBrains\IntelliJ IDEA 2023.3.4\plugins\maven\lib\maven-event-listener.jar -javaagent:C:\Program Files\JetBrains\IntelliJ IDEA 2023.3.4\lib\idea_rt.jar=55676:C:\Program Files\JetBrains\IntelliJ IDEA 2023.3.4\bin -Dfile.encoding=UTF-8 org.codehaus.classworlds.Launcher -Didea.version=2023.3.4 org.openjfx:javafx-maven-plugin:0.0.8:run

Host: AMD Ryzen 7 5700U with Radeon Graphics         , 16 cores, 11G,  Windows 11 , 64 bit Build 22621 (10.0.22621.3374)
Time: Wed May  8 00:03:21 2024 Maroc (heure d64 bit Build 22621 (10.0.22621.3374) elapsed time: 2.585640 seconds (0d 0h 0m 2s)

---------------  T H R E A D  ---------------

Current thread (0x000002927f781730):  JavaThread "Attach Listener" daemon [_thread_in_vm, id=22268, stack(0x000000a6c4c00000,0x000000a6c4d00000)]

Stack: [0x000000a6c4c00000,0x000000a6c4d00000]
Native frames: (J=compiled Java code, j=interpreted, Vv=VM code, C=native code)
V  [jvm.dll+0x688349]
V  [jvm.dll+0x841bfa]
V  [jvm.dll+0x84383e]
V  [jvm.dll+0x843ea3]
V  [jvm.dll+0x24bdef]
V  [jvm.dll+0x83cbdb]
V  [jvm.dll+0x62c746]
V  [jvm.dll+0x62c7aa]
V  [jvm.dll+0x62efda]
V  [jvm.dll+0x62d0e6]
V  [jvm.dll+0x23faaf]
V  [jvm.dll+0x636f95]
V  [jvm.dll+0x1ef0cb]
V  [jvm.dll+0x1ef605]
V  [jvm.dll+0x1effa5]
V  [jvm.dll+0x1e543c]
V  [jvm.dll+0x54de4c]
V  [jvm.dll+0x1f5feb]
V  [jvm.dll+0x7ba30b]
V  [jvm.dll+0x7bb77c]
V  [jvm.dll+0x41d595]
C  [java.dll+0x1a55]

Java frames: (J=compiled Java code, j=interpreted, Vv=VM code)
j  java.lang.ClassLoader.findBootstrapClass(Ljava/lang/String;)Ljava/lang/Class;+0 java.base@17.0.9
j  java.lang.ClassLoader.findBootstrapClassOrNull(Ljava/lang/String;)Ljava/lang/Class;+10 java.base@17.0.9
j  java.lang.System$2.findBootstrapClassOrNull(Ljava/lang/String;)Ljava/lang/Class;+1 java.base@17.0.9
j  jdk.internal.loader.BootLoader.loadClassOrNull(Ljava/lang/String;)Ljava/lang/Class;+4 java.base@17.0.9
j  jdk.internal.loader.BootLoader.loadClass(Ljava/lang/Module;Ljava/lang/String;)Ljava/lang/Class;+1 java.base@17.0.9
j  java.lang.Class.forName(Ljava/lang/Module;Ljava/lang/String;)Ljava/lang/Class;+87 java.base@17.0.9
j  sun.util.resources.Bundles.findBundleOf(Lsun/util/resources/Bundles$CacheKey;Lsun/util/resources/Bundles$Strategy;Ljava/lang/String;Ljava/util/List;I)Ljava/util/ResourceBundle;+205 java.base@17.0.9
j  sun.util.resources.Bundles.findBundleOf(Lsun/util/resources/Bundles$CacheKey;Lsun/util/resources/Bundles$Strategy;Ljava/lang/String;Ljava/util/List;I)Ljava/util/ResourceBundle;+37 java.base@17.0.9
j  sun.util.resources.Bundles.loadBundleOf(Ljava/lang/String;Ljava/util/Locale;Lsun/util/resources/Bundles$Strategy;)Ljava/util/ResourceBundle;+112 java.base@17.0.9
j  sun.util.resources.Bundles.of(Ljava/lang/String;Ljava/util/Locale;Lsun/util/resources/Bundles$Strategy;)Ljava/util/ResourceBundle;+3 java.base@17.0.9
j  sun.util.resources.LocaleData$1.run()Ljava/util/ResourceBundle;+11 java.base@17.0.9
j  sun.util.resources.LocaleData$1.run()Ljava/lang/Object;+1 java.base@17.0.9
j  java.security.AccessController.executePrivileged(Ljava/security/PrivilegedAction;Ljava/security/AccessControlContext;Ljava/lang/Class;)Ljava/lang/Object;+29 java.base@17.0.9
j  java.security.AccessController.doPrivileged(Ljava/security/PrivilegedAction;)Ljava/lang/Object;+5 java.base@17.0.9
j  sun.util.resources.LocaleData.getBundle(Ljava/lang/String;Ljava/util/Locale;)Ljava/util/ResourceBundle;+9 java.base@17.0.9
j  sun.util.resources.LocaleData.getTimeZoneNames(Ljava/util/Locale;)Lsun/util/resources/TimeZoneNamesBundle;+26 java.base@17.0.9
j  sun.util.locale.provider.LocaleResources.getTimeZoneNames(Ljava/lang/String;)Ljava/lang/Object;+70 java.base@17.0.9
j  sun.util.locale.provider.TimeZoneNameProviderImpl.getDisplayNameArray(Ljava/lang/String;Ljava/util/Locale;)[Ljava/lang/String;+22 java.base@17.0.9
j  sun.util.cldr.CLDRTimeZoneNameProviderImpl.getDisplayNameArray(Ljava/lang/String;Ljava/util/Locale;)[Ljava/lang/String;+3 java.base@17.0.9
j  sun.util.locale.provider.TimeZoneNameProviderImpl.getDisplayName(Ljava/lang/String;ZILjava/util/Locale;)Ljava/lang/String;+4 java.base@17.0.9
j  sun.util.locale.provider.TimeZoneNameUtility$TimeZoneNameGetter.getName(Ljava/util/spi/TimeZoneNameProvider;Ljava/util/Locale;Ljava/lang/String;ILjava/lang/String;)Ljava/lang/String;+126 java.base@17.0.9
j  sun.util.locale.provider.TimeZoneNameUtility$TimeZoneNameGetter.getObject(Ljava/util/spi/TimeZoneNameProvider;Ljava/util/Locale;Ljava/lang/String;[Ljava/lang/Object;)Ljava/lang/String;+49 java.base@17.0.9
j  sun.util.locale.provider.TimeZoneNameUtility$TimeZoneNameGetter.getObject(Ljava/util/spi/LocaleServiceProvider;Ljava/util/Locale;Ljava/lang/String;[Ljava/lang/Object;)Ljava/lang/Object;+9 java.base@17.0.9
j  sun.util.locale.provider.LocaleServiceProviderPool.getLocalizedObjectImpl(Lsun/util/locale/provider/LocaleServiceProviderPool$LocalizedObjectGetter;Ljava/util/Locale;ZLjava/lang/String;[Ljava/lang/Object;)Ljava/lang/Object;+93 java.base@17.0.9
j  sun.util.locale.provider.LocaleServiceProviderPool.getLocalizedObject(Lsun/util/locale/provider/LocaleServiceProviderPool$LocalizedObjectGetter;Ljava/util/Locale;Ljava/lang/String;[Ljava/lang/Object;)Ljava/lang/Object;+7 java.base@17.0.9
j  sun.util.locale.provider.TimeZoneNameUtility.retrieveDisplayNamesImpl(Ljava/lang/String;Ljava/util/Locale;)[Ljava/lang/String;+140 java.base@17.0.9
j  sun.util.locale.provider.TimeZoneNameUtility.retrieveDisplayName(Ljava/lang/String;ZILjava/util/Locale;)Ljava/lang/String;+2 java.base@17.0.9
j  java.util.TimeZone.getDisplayName(ZILjava/util/Locale;)Ljava/lang/String;+47 java.base@17.0.9
j  java.util.Date.toString()Ljava/lang/String;+150 java.base@17.0.9
j  java.lang.String.valueOf(Ljava/lang/Object;)Ljava/lang/String;+11 java.base@17.0.9
j  java.lang.StringBuilder.append(Ljava/lang/Object;)Ljava/lang/StringBuilder;+2 java.base@17.0.9
j  java.util.Properties.writeDateComment(Ljava/io/BufferedWriter;)V+43 java.base@17.0.9
j  java.util.Properties.store0(Ljava/io/BufferedWriter;Ljava/lang/String;Z)V+10 java.base@17.0.9
j  java.util.Properties.store(Ljava/io/OutputStream;Ljava/lang/String;)V+21 java.base@17.0.9
j  jdk.internal.vm.VMSupport.serializePropertiesToByteArray(Ljava/util/Properties;)[B+77 java.base@17.0.9
j  jdk.internal.vm.VMSupport.serializeAgentPropertiesToByteArray()[B+3 java.base@17.0.9
v  ~StubRoutines::call_stub

---------------  P R O C E S S  ---------------

Threads class SMR info:
_java_thread_list=0x000002927fa52880, length=15, elements={
0x000002927353a750, 0x000002927f71f440, 0x000002927f720ad0, 0x000002927f770ad0,
0x000002927f781730, 0x000002927f784100, 0x000002927f786ed0, 0x000002927f78c6d0,
0x000002927f78d180, 0x000002927f78f4c0, 0x000002927f590830, 0x000002927f8e8b50,
0x000002927f8e94b0, 0x000002927fa55a50, 0x000002927fa55f30
}

Java Threads: ( => current thread )
  0x000002927353a750 JavaThread "main" [_thread_in_vm, id=14712, stack(0x000000a6c4200000,0x000000a6c4300000)]
  0x000002927f71f440 JavaThread "Reference Handler" daemon [_thread_blocked, id=23068, stack(0x000000a6c4900000,0x000000a6c4a00000)]
  0x000002927f720ad0 JavaThread "Finalizer" daemon [_thread_blocked, id=23548, stack(0x000000a6c4a00000,0x000000a6c4b00000)]
  0x000002927f770ad0 JavaThread "Signal Dispatcher" daemon [_thread_blocked, id=19948, stack(0x000000a6c4b00000,0x000000a6c4c00000)]
=>0x000002927f781730 JavaThread "Attach Listener" daemon [_thread_in_vm, id=22268, stack(0x000000a6c4c00000,0x000000a6c4d00000)]
  0x000002927f784100 JavaThread "Service Thread" daemon [_thread_blocked, id=6260, stack(0x000000a6c4d00000,0x000000a6c4e00000)]
  0x000002927f786ed0 JavaThread "Monitor Deflation Thread" daemon [_thread_blocked, id=9340, stack(0x000000a6c4e00000,0x000000a6c4f00000)]
  0x000002927f78c6d0 JavaThread "C2 CompilerThread0" daemon [_thread_blocked, id=5544, stack(0x000000a6c4f00000,0x000000a6c5000000)]
  0x000002927f78d180 JavaThread "C1 CompilerThread0" daemon [_thread_blocked, id=11524, stack(0x000000a6c5000000,0x000000a6c5100000)]
  0x000002927f78f4c0 JavaThread "Sweeper thread" daemon [_thread_blocked, id=24112, stack(0x000000a6c5100000,0x000000a6c5200000)]
  0x000002927f590830 JavaThread "Common-Cleaner" daemon [_thread_blocked, id=22328, stack(0x000000a6c5200000,0x000000a6c5300000)]
  0x000002927f8e8b50 JavaThread "C1 CompilerThread1" daemon [_thread_blocked, id=20440, stack(0x000000a6c5300000,0x000000a6c5400000)]
  0x000002927f8e94b0 JavaThread "C1 CompilerThread2" daemon [_thread_blocked, id=17880, stack(0x000000a6c5400000,0x000000a6c5500000)]
  0x000002927fa55a50 JavaThread "Monitor Ctrl-Break" daemon [_thread_in_native, id=27616, stack(0x000000a6c5600000,0x000000a6c5700000)]
  0x000002927fa55f30 JavaThread "Notification Thread" daemon [_thread_blocked, id=14560, stack(0x000000a6c5700000,0x000000a6c5800000)]

Other Threads:
  0x000002927f5de6e0 VMThread "VM Thread" [stack: 0x000000a6c4800000,0x000000a6c4900000] [id=6840]
  0x000002927353b5d0 WatcherThread [stack: 0x000000a6c5800000,0x000000a6c5900000] [id=24544]
  0x0000029273593e50 GCTaskThread "GC Thread#0" [stack: 0x000000a6c4300000,0x000000a6c4400000] [id=9196]
  0x00000292735a0ae0 ConcurrentGCThread "G1 Main Marker" [stack: 0x000000a6c4400000,0x000000a6c4500000] [id=26972]
  0x00000292735a1500 ConcurrentGCThread "G1 Conc#0" [stack: 0x000000a6c4500000,0x000000a6c4600000] [id=24416]
  0x00000292735ee8d0 ConcurrentGCThread "G1 Refine#0" [stack: 0x000000a6c4600000,0x000000a6c4700000] [id=24432]
  0x000002927f45e4a0 ConcurrentGCThread "G1 Service" [stack: 0x000000a6c4700000,0x000000a6c4800000] [id=27164]

Threads with active compile tasks:

VM state: not at safepoint (normal execution)

VM Mutex/Monitor currently owned by a thread:  ([mutex/lock_event])
[0x0000029273534070] Metaspace_lock - owner thread: 0x000002927f781730

Heap address: 0x0000000742c00000, size: 3028 MB, Compressed Oops mode: Zero based, Oop shift amount: 3

CDS archive(s) not mapped
Compressed class space mapped at: 0x0000000800000000-0x0000000840000000, reserved size: 1073741824
Narrow klass base: 0x0000000800000000, Narrow klass shift: 0, Narrow klass range: 0x40000000

GC Precious Log:
 CPUs: 16 total, 16 available
 Memory: 12109M
 Large Page Support: Disabled
 NUMA Support: Disabled
 Compressed Oops: Enabled (Zero based)
 Heap Region Size: 2M
 Heap Min Capacity: 8M
 Heap Initial Capacity: 190M
 Heap Max Capacity: 3028M
 Pre-touch: Disabled
 Parallel Workers: 13
 Concurrent Workers: 3
 Concurrent Refinement Workers: 13
 Periodic GC: Disabled

Heap:
 garbage-first heap   total 194560K, used 6144K [0x0000000742c00000, 0x0000000800000000)
  region size 2048K, 4 young (8192K), 0 survivors (0K)
 Metaspace       used 9598K, committed 9728K, reserved 1114112K
  class space    used 871K, committed 960K, reserved 1048576K

Heap Regions: E=young(eden), S=young(survivor), O=old, HS=humongous(starts), HC=humongous(continues), CS=collection set, F=free, OA=open archive, CA=closed archive, TAMS=top-at-mark-start (previous, next)
|   0|0x0000000742c00000, 0x0000000742c00000, 0x0000000742e00000|  0%| F|  |TAMS 0x0000000742c00000, 0x0000000742c00000| Untracked 
|   1|0x0000000742e00000, 0x0000000742e00000, 0x0000000743000000|  0%| F|  |TAMS 0x0000000742e00000, 0x0000000742e00000| Untracked 
|   2|0x0000000743000000, 0x0000000743000000, 0x0000000743200000|  0%| F|  |TAMS 0x0000000743000000, 0x0000000743000000| Untracked 
|   3|0x0000000743200000, 0x0000000743200000, 0x0000000743400000|  0%| F|  |TAMS 0x0000000743200000, 0x0000000743200000| Untracked 
|   4|0x0000000743400000, 0x0000000743400000, 0x0000000743600000|  0%| F|  |TAMS 0x0000000743400000, 0x0000000743400000| Untracked 
|   5|0x0000000743600000, 0x0000000743600000, 0x0000000743800000|  0%| F|  |TAMS 0x0000000743600000, 0x0000000743600000| Untracked 
|   6|0x0000000743800000, 0x0000000743800000, 0x0000000743a00000|  0%| F|  |TAMS 0x0000000743800000, 0x0000000743800000| Untracked 
|   7|0x0000000743a00000, 0x0000000743a00000, 0x0000000743c00000|  0%| F|  |TAMS 0x0000000743a00000, 0x0000000743a00000| Untracked 
|   8|0x0000000743c00000, 0x0000000743c00000, 0x0000000743e00000|  0%| F|  |TAMS 0x0000000743c00000, 0x0000000743c00000| Untracked 
|   9|0x0000000743e00000, 0x0000000743e00000, 0x0000000744000000|  0%| F|  |TAMS 0x0000000743e00000, 0x0000000743e00000| Untracked 
|  10|0x0000000744000000, 0x0000000744000000, 0x0000000744200000|  0%| F|  |TAMS 0x0000000744000000, 0x0000000744000000| Untracked 
|  11|0x0000000744200000, 0x0000000744200000, 0x0000000744400000|  0%| F|  |TAMS 0x0000000744200000, 0x0000000744200000| Untracked 
|  12|0x0000000744400000, 0x0000000744400000, 0x0000000744600000|  0%| F|  |TAMS 0x0000000744400000, 0x0000000744400000| Untracked 
|  13|0x0000000744600000, 0x0000000744600000, 0x0000000744800000|  0%| F|  |TAMS 0x0000000744600000, 0x0000000744600000| Untracked 
|  14|0x0000000744800000, 0x0000000744800000, 0x0000000744a00000|  0%| F|  |TAMS 0x0000000744800000, 0x0000000744800000| Untracked 
|  15|0x0000000744a00000, 0x0000000744a00000, 0x0000000744c00000|  0%| F|  |TAMS 0x0000000744a00000, 0x0000000744a00000| Untracked 
|  16|0x0000000744c00000, 0x0000000744c00000, 0x0000000744e00000|  0%| F|  |TAMS 0x0000000744c00000, 0x0000000744c00000| Untracked 
|  17|0x0000000744e00000, 0x0000000744e00000, 0x0000000745000000|  0%| F|  |TAMS 0x0000000744e00000, 0x0000000744e00000| Untracked 
|  18|0x0000000745000000, 0x0000000745000000, 0x0000000745200000|  0%| F|  |TAMS 0x0000000745000000, 0x0000000745000000| Untracked 
|  19|0x0000000745200000, 0x0000000745200000, 0x0000000745400000|  0%| F|  |TAMS 0x0000000745200000, 0x0000000745200000| Untracked 
|  20|0x0000000745400000, 0x0000000745400000, 0x0000000745600000|  0%| F|  |TAMS 0x0000000745400000, 0x0000000745400000| Untracked 
|  21|0x0000000745600000, 0x0000000745600000, 0x0000000745800000|  0%| F|  |TAMS 0x0000000745600000, 0x0000000745600000| Untracked 
|  22|0x0000000745800000, 0x0000000745800000, 0x0000000745a00000|  0%| F|  |TAMS 0x0000000745800000, 0x0000000745800000| Untracked 
|  23|0x0000000745a00000, 0x0000000745a00000, 0x0000000745c00000|  0%| F|  |TAMS 0x0000000745a00000, 0x0000000745a00000| Untracked 
|  24|0x0000000745c00000, 0x0000000745c00000, 0x0000000745e00000|  0%| F|  |TAMS 0x0000000745c00000, 0x0000000745c00000| Untracked 
|  25|0x0000000745e00000, 0x0000000745e00000, 0x0000000746000000|  0%| F|  |TAMS 0x0000000745e00000, 0x0000000745e00000| Untracked 
|  26|0x0000000746000000, 0x0000000746000000, 0x0000000746200000|  0%| F|  |TAMS 0x0000000746000000, 0x0000000746000000| Untracked 
|  27|0x0000000746200000, 0x0000000746200000, 0x0000000746400000|  0%| F|  |TAMS 0x0000000746200000, 0x0000000746200000| Untracked 
|  28|0x0000000746400000, 0x0000000746400000, 0x0000000746600000|  0%| F|  |TAMS 0x0000000746400000, 0x0000000746400000| Untracked 
|  29|0x0000000746600000, 0x0000000746600000, 0x0000000746800000|  0%| F|  |TAMS 0x0000000746600000, 0x0000000746600000| Untracked 
|  30|0x0000000746800000, 0x0000000746800000, 0x0000000746a00000|  0%| F|  |TAMS 0x0000000746800000, 0x0000000746800000| Untracked 
|  31|0x0000000746a00000, 0x0000000746a00000, 0x0000000746c00000|  0%| F|  |TAMS 0x0000000746a00000, 0x0000000746a00000| Untracked 
|  32|0x0000000746c00000, 0x0000000746c00000, 0x0000000746e00000|  0%| F|  |TAMS 0x0000000746c00000, 0x0000000746c00000| Untracked 
|  33|0x0000000746e00000, 0x0000000746e00000, 0x0000000747000000|  0%| F|  |TAMS 0x0000000746e00000, 0x0000000746e00000| Untracked 
|  34|0x0000000747000000, 0x0000000747000000, 0x0000000747200000|  0%| F|  |TAMS 0x0000000747000000, 0x0000000747000000| Untracked 
|  35|0x0000000747200000, 0x0000000747200000, 0x0000000747400000|  0%| F|  |TAMS 0x0000000747200000, 0x0000000747200000| Untracked 
|  36|0x0000000747400000, 0x0000000747400000, 0x0000000747600000|  0%| F|  |TAMS 0x0000000747400000, 0x0000000747400000| Untracked 
|  37|0x0000000747600000, 0x0000000747600000, 0x0000000747800000|  0%| F|  |TAMS 0x0000000747600000, 0x0000000747600000| Untracked 
|  38|0x0000000747800000, 0x0000000747800000, 0x0000000747a00000|  0%| F|  |TAMS 0x0000000747800000, 0x0000000747800000| Untracked 
|  39|0x0000000747a00000, 0x0000000747a00000, 0x0000000747c00000|  0%| F|  |TAMS 0x0000000747a00000, 0x0000000747a00000| Untracked 
|  40|0x0000000747c00000, 0x0000000747c00000, 0x0000000747e00000|  0%| F|  |TAMS 0x0000000747c00000, 0x0000000747c00000| Untracked 
|  41|0x0000000747e00000, 0x0000000747e00000, 0x0000000748000000|  0%| F|  |TAMS 0x0000000747e00000, 0x0000000747e00000| Untracked 
|  42|0x0000000748000000, 0x0000000748000000, 0x0000000748200000|  0%| F|  |TAMS 0x0000000748000000, 0x0000000748000000| Untracked 
|  43|0x0000000748200000, 0x0000000748200000, 0x0000000748400000|  0%| F|  |TAMS 0x0000000748200000, 0x0000000748200000| Untracked 
|  44|0x0000000748400000, 0x0000000748400000, 0x0000000748600000|  0%| F|  |TAMS 0x0000000748400000, 0x0000000748400000| Untracked 
|  45|0x0000000748600000, 0x0000000748600000, 0x0000000748800000|  0%| F|  |TAMS 0x0000000748600000, 0x0000000748600000| Untracked 
|  46|0x0000000748800000, 0x0000000748800000, 0x0000000748a00000|  0%| F|  |TAMS 0x0000000748800000, 0x0000000748800000| Untracked 
|  47|0x0000000748a00000, 0x0000000748a00000, 0x0000000748c00000|  0%| F|  |TAMS 0x0000000748a00000, 0x0000000748a00000| Untracked 
|  48|0x0000000748c00000, 0x0000000748c00000, 0x0000000748e00000|  0%| F|  |TAMS 0x0000000748c00000, 0x0000000748c00000| Untracked 
|  49|0x0000000748e00000, 0x0000000748e00000, 0x0000000749000000|  0%| F|  |TAMS 0x0000000748e00000, 0x0000000748e00000| Untracked 
|  50|0x0000000749000000, 0x0000000749000000, 0x0000000749200000|  0%| F|  |TAMS 0x0000000749000000, 0x0000000749000000| Untracked 
|  51|0x0000000749200000, 0x0000000749200000, 0x0000000749400000|  0%| F|  |TAMS 0x0000000749200000, 0x0000000749200000| Untracked 
|  52|0x0000000749400000, 0x0000000749400000, 0x0000000749600000|  0%| F|  |TAMS 0x0000000749400000, 0x0000000749400000| Untracked 
|  53|0x0000000749600000, 0x0000000749600000, 0x0000000749800000|  0%| F|  |TAMS 0x0000000749600000, 0x0000000749600000| Untracked 
|  54|0x0000000749800000, 0x0000000749800000, 0x0000000749a00000|  0%| F|  |TAMS 0x0000000749800000, 0x0000000749800000| Untracked 
|  55|0x0000000749a00000, 0x0000000749a00000, 0x0000000749c00000|  0%| F|  |TAMS 0x0000000749a00000, 0x0000000749a00000| Untracked 
|  56|0x0000000749c00000, 0x0000000749c00000, 0x0000000749e00000|  0%| F|  |TAMS 0x0000000749c00000, 0x0000000749c00000| Untracked 
|  57|0x0000000749e00000, 0x0000000749e00000, 0x000000074a000000|  0%| F|  |TAMS 0x0000000749e00000, 0x0000000749e00000| Untracked 
|  58|0x000000074a000000, 0x000000074a000000, 0x000000074a200000|  0%| F|  |TAMS 0x000000074a000000, 0x000000074a000000| Untracked 
|  59|0x000000074a200000, 0x000000074a200000, 0x000000074a400000|  0%| F|  |TAMS 0x000000074a200000, 0x000000074a200000| Untracked 
|  60|0x000000074a400000, 0x000000074a400000, 0x000000074a600000|  0%| F|  |TAMS 0x000000074a400000, 0x000000074a400000| Untracked 
|  61|0x000000074a600000, 0x000000074a600000, 0x000000074a800000|  0%| F|  |TAMS 0x000000074a600000, 0x000000074a600000| Untracked 
|  62|0x000000074a800000, 0x000000074a800000, 0x000000074aa00000|  0%| F|  |TAMS 0x000000074a800000, 0x000000074a800000| Untracked 
|  63|0x000000074aa00000, 0x000000074aa00000, 0x000000074ac00000|  0%| F|  |TAMS 0x000000074aa00000, 0x000000074aa00000| Untracked 
|  64|0x000000074ac00000, 0x000000074ac00000, 0x000000074ae00000|  0%| F|  |TAMS 0x000000074ac00000, 0x000000074ac00000| Untracked 
|  65|0x000000074ae00000, 0x000000074ae00000, 0x000000074b000000|  0%| F|  |TAMS 0x000000074ae00000, 0x000000074ae00000| Untracked 
|  66|0x000000074b000000, 0x000000074b000000, 0x000000074b200000|  0%| F|  |TAMS 0x000000074b000000, 0x000000074b000000| Untracked 
|  67|0x000000074b200000, 0x000000074b200000, 0x000000074b400000|  0%| F|  |TAMS 0x000000074b200000, 0x000000074b200000| Untracked 
|  68|0x000000074b400000, 0x000000074b400000, 0x000000074b600000|  0%| F|  |TAMS 0x000000074b400000, 0x000000074b400000| Untracked 
|  69|0x000000074b600000, 0x000000074b600000, 0x000000074b800000|  0%| F|  |TAMS 0x000000074b600000, 0x000000074b600000| Untracked 
|  70|0x000000074b800000, 0x000000074b800000, 0x000000074ba00000|  0%| F|  |TAMS 0x000000074b800000, 0x000000074b800000| Untracked 
|  71|0x000000074ba00000, 0x000000074ba00000, 0x000000074bc00000|  0%| F|  |TAMS 0x000000074ba00000, 0x000000074ba00000| Untracked 
|  72|0x000000074bc00000, 0x000000074bc00000, 0x000000074be00000|  0%| F|  |TAMS 0x000000074bc00000, 0x000000074bc00000| Untracked 
|  73|0x000000074be00000, 0x000000074be00000, 0x000000074c000000|  0%| F|  |TAMS 0x000000074be00000, 0x000000074be00000| Untracked 
|  74|0x000000074c000000, 0x000000074c000000, 0x000000074c200000|  0%| F|  |TAMS 0x000000074c000000, 0x000000074c000000| Untracked 
|  75|0x000000074c200000, 0x000000074c200000, 0x000000074c400000|  0%| F|  |TAMS 0x000000074c200000, 0x000000074c200000| Untracked 
|  76|0x000000074c400000, 0x000000074c400000, 0x000000074c600000|  0%| F|  |TAMS 0x000000074c400000, 0x000000074c400000| Untracked 
|  77|0x000000074c600000, 0x000000074c600000, 0x000000074c800000|  0%| F|  |TAMS 0x000000074c600000, 0x000000074c600000| Untracked 
|  78|0x000000074c800000, 0x000000074c800000, 0x000000074ca00000|  0%| F|  |TAMS 0x000000074c800000, 0x000000074c800000| Untracked 
|  79|0x000000074ca00000, 0x000000074ca00000, 0x000000074cc00000|  0%| F|  |TAMS 0x000000074ca00000, 0x000000074ca00000| Untracked 
|  80|0x000000074cc00000, 0x000000074cc00000, 0x000000074ce00000|  0%| F|  |TAMS 0x000000074cc00000, 0x000000074cc00000| Untracked 
|  81|0x000000074ce00000, 0x000000074ce00000, 0x000000074d000000|  0%| F|  |TAMS 0x000000074ce00000, 0x000000074ce00000| Untracked 
|  82|0x000000074d000000, 0x000000074d000000, 0x000000074d200000|  0%| F|  |TAMS 0x000000074d000000, 0x000000074d000000| Untracked 
|  83|0x000000074d200000, 0x000000074d200000, 0x000000074d400000|  0%| F|  |TAMS 0x000000074d200000, 0x000000074d200000| Untracked 
|  84|0x000000074d400000, 0x000000074d400000, 0x000000074d600000|  0%| F|  |TAMS 0x000000074d400000, 0x000000074d400000| Untracked 
|  85|0x000000074d600000, 0x000000074d600000, 0x000000074d800000|  0%| F|  |TAMS 0x000000074d600000, 0x000000074d600000| Untracked 
|  86|0x000000074d800000, 0x000000074d800000, 0x000000074da00000|  0%| F|  |TAMS 0x000000074d800000, 0x000000074d800000| Untracked 
|  87|0x000000074da00000, 0x000000074da00000, 0x000000074dc00000|  0%| F|  |TAMS 0x000000074da00000, 0x000000074da00000| Untracked 
|  88|0x000000074dc00000, 0x000000074dc00000, 0x000000074de00000|  0%| F|  |TAMS 0x000000074dc00000, 0x000000074dc00000| Untracked 
|  89|0x000000074de00000, 0x000000074de00000, 0x000000074e000000|  0%| F|  |TAMS 0x000000074de00000, 0x000000074de00000| Untracked 
|  90|0x000000074e000000, 0x000000074e000000, 0x000000074e200000|  0%| F|  |TAMS 0x000000074e000000, 0x000000074e000000| Untracked 
|  91|0x000000074e200000, 0x000000074e400000, 0x000000074e400000|100%| E|  |TAMS 0x000000074e200000, 0x000000074e200000| Complete 
|  92|0x000000074e400000, 0x000000074e600000, 0x000000074e600000|100%| E|CS|TAMS 0x000000074e400000, 0x000000074e400000| Complete 
|  93|0x000000074e600000, 0x000000074e800000, 0x000000074e800000|100%| E|CS|TAMS 0x000000074e600000, 0x000000074e600000| Complete 
|  94|0x000000074e800000, 0x000000074ea00000, 0x000000074ea00000|100%| E|CS|TAMS 0x000000074e800000, 0x000000074e800000| Complete 

Card table byte_map: [0x0000029277b70000,0x0000029278160000] _byte_map_base: 0x000002927415a000

Marking Bits (Prev, Next): (CMBitMap*) 0x0000029273594470, (CMBitMap*) 0x00000292735944b0
 Prev Bits: [0x0000029278750000, 0x000002927b6a0000)
 Next Bits: [0x000002927b6a0000, 0x000002927e5f0000)

Polling page: 0x00000292714d0000

Metaspace:

Usage:
  Non-class:      8.52 MB used.
      Class:    871.31 KB used.
       Both:      9.37 MB used.

Virtual space:
  Non-class space:       64.00 MB reserved,       8.56 MB ( 13%) committed,  1 nodes.
      Class space:        1.00 GB reserved,     960.00 KB ( <1%) committed,  1 nodes.
             Both:        1.06 GB reserved,       9.50 MB ( <1%) committed. 

Chunk freelists:
   Non-Class:  6.88 MB
       Class:  15.06 MB
        Both:  21.94 MB

MaxMetaspaceSize: unlimited
CompressedClassSpaceSize: 1.00 GB
Initial GC threshold: 21.00 MB
Current GC threshold: 21.00 MB
CDS: off
MetaspaceReclaimPolicy: balanced
 - commit_granule_bytes: 65536.
 - commit_granule_words: 8192.
 - virtual_space_node_default_size: 8388608.
 - enlarge_chunks_in_place: 1.
 - new_chunks_are_fully_committed: 0.
 - uncommit_free_chunks: 1.
 - use_allocation_guard: 0.
 - handle_deallocations: 1.


Internal statistics:

num_allocs_failed_limit: 0.
num_arena_births: 18.
num_arena_deaths: 0.
num_vsnodes_births: 2.
num_vsnodes_deaths: 0.
num_space_committed: 152.
num_space_uncommitted: 0.
num_chunks_returned_to_freelist: 0.
num_chunks_taken_from_freelist: 68.
num_chunk_merges: 0.
num_chunk_splits: 37.
num_chunks_enlarged: 26.
num_inconsistent_stats: 0.

CodeHeap 'non-profiled nmethods': size=119168Kb used=156Kb max_used=156Kb free=119011Kb
 bounds [0x0000029207ba0000, 0x0000029207e10000, 0x000002920f000000]
CodeHeap 'profiled nmethods': size=119104Kb used=839Kb max_used=839Kb free=118264Kb
 bounds [0x0000029200000000, 0x0000029200270000, 0x0000029207450000]
CodeHeap 'non-nmethods': size=7488Kb used=2264Kb max_used=2278Kb free=5224Kb
 bounds [0x0000029207450000, 0x00000292076c0000, 0x0000029207ba0000]
 total_blobs=965 nmethods=540 adapters=336
 compilation: enabled
              stopped_count=0, restarted_count=0
 full_count=0

Compilation events (20 events):
Event: 2.579 Thread 0x000002927f8e8b50 nmethod 528 0x00000292000c6b10 code [0x00000292000c6e80, 0x00000292000c84d8]
Event: 2.579 Thread 0x000002927f8e8b50  531       3       java.util.StringTokenizer::nextToken (92 bytes)
Event: 2.579 Thread 0x000002927f78d180 nmethod 530 0x00000292000c8c90 code [0x00000292000c8e40, 0x00000292000c8fe8]
Event: 2.579 Thread 0x000002927f8e8b50 nmethod 531 0x00000292000c9090 code [0x00000292000c9260, 0x00000292000c9598]
Event: 2.580 Thread 0x000002927f8e8b50  532       1       jdk.internal.jimage.ImageHeader::getTableLength (5 bytes)
Event: 2.580 Thread 0x000002927f8e8b50 nmethod 532 0x0000029207bc6290 code [0x0000029207bc6420, 0x0000029207bc64f8]
Event: 2.580 Thread 0x000002927f8e94b0 nmethod 524 0x00000292000c9710 code [0x00000292000c9dc0, 0x00000292000cd908]
Event: 2.582 Thread 0x000002927f78c6d0  533 %     4       java.lang.StringLatin1::replace @ 79 (198 bytes)
Event: 2.583 Thread 0x000002927f78d180  534       3       java.util.HashSet::contains (9 bytes)
Event: 2.583 Thread 0x000002927f78d180 nmethod 534 0x00000292000cfa10 code [0x00000292000cfbc0, 0x00000292000cfda8]
Event: 2.583 Thread 0x000002927f78d180  535       3       java.util.LinkedHashMap::get (29 bytes)
Event: 2.583 Thread 0x000002927f8e94b0  536       1       java.util.zip.ZipEntry::getSize (5 bytes)
Event: 2.583 Thread 0x000002927f8e8b50  537       3       java.util.Collections$SetFromMap::remove (19 bytes)
Event: 2.583 Thread 0x000002927f8e94b0 nmethod 536 0x0000029207bc6590 code [0x0000029207bc6720, 0x0000029207bc67f8]
Event: 2.583 Thread 0x000002927f8e94b0  538       3       java.util.WeakHashMap::remove (131 bytes)
Event: 2.583 Thread 0x000002927f78d180 nmethod 535 0x00000292000cfe90 code [0x00000292000d0040, 0x00000292000d0298]
Event: 2.583 Thread 0x000002927f8e8b50 nmethod 537 0x00000292000d0390 code [0x00000292000d0540, 0x00000292000d0768]
Event: 2.583 Thread 0x000002927f8e94b0 nmethod 538 0x00000292000d0810 code [0x00000292000d0a60, 0x00000292000d15f8]
Event: 2.584 Thread 0x000002927f8e94b0  539       3       java.lang.CharacterDataLatin1::toUpperCaseEx (71 bytes)
Event: 2.584 Thread 0x000002927f8e94b0 nmethod 539 0x00000292000d1a10 code [0x00000292000d1bc0, 0x00000292000d1e98]

GC Heap History (0 events):
No events

Dll operation events (4 events):
Event: 0.006 Loaded shared library C:\Users\tahan\.jdks\jbr-17.0.9\bin\java.dll
Event: 0.054 Loaded shared library C:\Users\tahan\.jdks\jbr-17.0.9\bin\jsvml.dll
Event: 0.144 Loaded shared library C:\Users\tahan\.jdks\jbr-17.0.9\bin\zip.dll
Event: 2.571 Loaded shared library C:\Users\tahan\.jdks\jbr-17.0.9\bin\verify.dll

Deoptimization events (20 events):
Event: 0.178 Thread 0x000002927353a750 Uncommon trap: trap_request=0xffffffde fr.pc=0x0000029207bada8c relative=0x000000000000082c
Event: 0.178 Thread 0x000002927353a750 Uncommon trap: reason=class_check action=maybe_recompile pc=0x0000029207bada8c method=java.util.HashMap.putVal(ILjava/lang/Object;Ljava/lang/Object;ZZ)Ljava/lang/Object; @ 152 c2
Event: 0.178 Thread 0x000002927353a750 DEOPT PACKING pc=0x0000029207bada8c sp=0x000000a6c42fdcc0
Event: 0.178 Thread 0x000002927353a750 DEOPT UNPACKING pc=0x00000292074a69a3 sp=0x000000a6c42fdc40 mode 2
Event: 0.178 Thread 0x000002927353a750 Uncommon trap: trap_request=0xffffffde fr.pc=0x0000029207bada8c relative=0x000000000000082c
Event: 0.178 Thread 0x000002927353a750 Uncommon trap: reason=class_check action=maybe_recompile pc=0x0000029207bada8c method=java.util.HashMap.putVal(ILjava/lang/Object;Ljava/lang/Object;ZZ)Ljava/lang/Object; @ 152 c2
Event: 0.178 Thread 0x000002927353a750 DEOPT PACKING pc=0x0000029207bada8c sp=0x000000a6c42fdcc0
Event: 0.178 Thread 0x000002927353a750 DEOPT UNPACKING pc=0x00000292074a69a3 sp=0x000000a6c42fdc40 mode 2
Event: 0.178 Thread 0x000002927353a750 Uncommon trap: trap_request=0xffffffde fr.pc=0x0000029207bada8c relative=0x000000000000082c
Event: 0.178 Thread 0x000002927353a750 Uncommon trap: reason=class_check action=maybe_recompile pc=0x0000029207bada8c method=java.util.HashMap.putVal(ILjava/lang/Object;Ljava/lang/Object;ZZ)Ljava/lang/Object; @ 152 c2
Event: 0.178 Thread 0x000002927353a750 DEOPT PACKING pc=0x0000029207bada8c sp=0x000000a6c42fdcc0
Event: 0.178 Thread 0x000002927353a750 DEOPT UNPACKING pc=0x00000292074a69a3 sp=0x000000a6c42fdc40 mode 2
Event: 0.178 Thread 0x000002927353a750 Uncommon trap: trap_request=0xffffffde fr.pc=0x0000029207bada8c relative=0x000000000000082c
Event: 0.178 Thread 0x000002927353a750 Uncommon trap: reason=class_check action=maybe_recompile pc=0x0000029207bada8c method=java.util.HashMap.putVal(ILjava/lang/Object;Ljava/lang/Object;ZZ)Ljava/lang/Object; @ 152 c2
Event: 0.178 Thread 0x000002927353a750 DEOPT PACKING pc=0x0000029207bada8c sp=0x000000a6c42fdcc0
Event: 0.178 Thread 0x000002927353a750 DEOPT UNPACKING pc=0x00000292074a69a3 sp=0x000000a6c42fdc40 mode 2
Event: 2.574 Thread 0x000002927f781730 Uncommon trap: trap_request=0xffffff45 fr.pc=0x0000029207bc4514 relative=0x0000000000000094
Event: 2.574 Thread 0x000002927f781730 Uncommon trap: reason=unstable_if action=reinterpret pc=0x0000029207bc4514 method=jdk.internal.misc.Unsafe.getLongUnaligned(Ljava/lang/Object;J)J @ 7 c2
Event: 2.574 Thread 0x000002927f781730 DEOPT PACKING pc=0x0000029207bc4514 sp=0x000000a6c4cfd830
Event: 2.574 Thread 0x000002927f781730 DEOPT UNPACKING pc=0x00000292074a69a3 sp=0x000000a6c4cfd7e0 mode 2

Classes unloaded (0 events):
No events

Classes redefined (0 events):
No events

Internal exceptions (12 events):
Event: 0.185 Thread 0x000002927fa55a50 Exception <a 'java/lang/NoSuchMethodError'{0x000000074e675960}: 'java.lang.Object java.lang.invoke.DirectMethodHandle$Holder.invokeStaticInit(java.lang.Object)'> (0x000000074e675960) 
thrown [s\src\hotspot\share\interpreter\linkResolver.cpp, line 771]
Event: 0.189 Thread 0x000002927fa55a50 Exception <a 'java/lang/NoSuchMethodError'{0x000000074e682a08}: 'void java.lang.invoke.DirectMethodHandle$Holder.invokeStatic(java.lang.Object, java.lang.Object)'> (0x000000074e682a08) 
thrown [s\src\hotspot\share\interpreter\linkResolver.cpp, line 771]
Event: 0.199 Thread 0x000002927353a750 Exception <a 'java/lang/NoSuchMethodError'{0x000000074e7c6808}: 'int java.lang.invoke.DirectMethodHandle$Holder.invokeSpecial(java.lang.Object, java.lang.Object, java.lang.Object)'> (0x000000074e7c6808) 
thrown [s\src\hotspot\share\interpreter\linkResolver.cpp, line 771]
Event: 0.258 Thread 0x000002927353a750 Exception <a 'java/lang/NullPointerException'{0x000000074e21f478}> (0x000000074e21f478) 
thrown [s\src\hotspot\share\interpreter\linkResolver.cpp, line 1362]
Event: 2.569 Thread 0x000002927353a750 Exception <a 'sun/nio/fs/WindowsException'{0x000000074e31d9a8}> (0x000000074e31d9a8) 
thrown [s\src\hotspot\share\prims\jni.cpp, line 517]
Event: 2.569 Thread 0x000002927353a750 Exception <a 'sun/nio/fs/WindowsException'{0x000000074e31e160}> (0x000000074e31e160) 
thrown [s\src\hotspot\share\prims\jni.cpp, line 517]
Event: 2.569 Thread 0x000002927353a750 Exception <a 'sun/nio/fs/WindowsException'{0x000000074e31e7a0}> (0x000000074e31e7a0) 
thrown [s\src\hotspot\share\prims\jni.cpp, line 517]
Event: 2.569 Thread 0x000002927353a750 Exception <a 'sun/nio/fs/WindowsException'{0x000000074e31ed98}> (0x000000074e31ed98) 
thrown [s\src\hotspot\share\prims\jni.cpp, line 517]
Event: 2.569 Thread 0x000002927353a750 Exception <a 'sun/nio/fs/WindowsException'{0x000000074e31f318}> (0x000000074e31f318) 
thrown [s\src\hotspot\share\prims\jni.cpp, line 517]
Event: 2.569 Thread 0x000002927353a750 Exception <a 'sun/nio/fs/WindowsException'{0x000000074e31f878}> (0x000000074e31f878) 
thrown [s\src\hotspot\share\prims\jni.cpp, line 517]
Event: 2.569 Thread 0x000002927353a750 Exception <a 'sun/nio/fs/WindowsException'{0x000000074e31fd88}> (0x000000074e31fd88) 
thrown [s\src\hotspot\share\prims\jni.cpp, line 517]
Event: 2.569 Thread 0x000002927353a750 Exception <a 'sun/nio/fs/WindowsException'{0x000000074e320250}> (0x000000074e320250) 
thrown [s\src\hotspot\share\prims\jni.cpp, line 517]

VM Operations (10 events):
Event: 0.132 Executing VM operation: HandshakeAllThreads
Event: 0.132 Executing VM operation: HandshakeAllThreads done
Event: 0.182 Executing VM operation: HandshakeAllThreads
Event: 0.183 Executing VM operation: HandshakeAllThreads done
Event: 0.258 Executing VM operation: HandshakeAllThreads
Event: 0.258 Executing VM operation: HandshakeAllThreads done
Event: 0.266 Executing VM operation: HandshakeAllThreads
Event: 0.266 Executing VM operation: HandshakeAllThreads done
Event: 1.270 Executing VM operation: Cleanup
Event: 1.270 Executing VM operation: Cleanup done

Events (20 events):
Event: 2.583 loading class sun/util/resources/Bundles$CacheKey done
Event: 2.583 loading class sun/util/resources/cldr/TimeZoneNames
Event: 2.583 loading class sun/util/resources/TimeZoneNamesBundle
Event: 2.583 loading class sun/util/resources/OpenListResourceBundle
Event: 2.583 loading class sun/util/resources/OpenListResourceBundle done
Event: 2.583 loading class sun/util/resources/TimeZoneNamesBundle done
Event: 2.583 loading class sun/util/resources/cldr/TimeZoneNames done
Event: 2.583 loading class java/util/ResourceBundle$ResourceBundleProviderHelper
Event: 2.583 loading class java/util/ResourceBundle$ResourceBundleProviderHelper done
Event: 2.583 loading class java/util/Collections$UnmodifiableMap$UnmodifiableEntrySet
Event: 2.583 loading class java/util/Collections$UnmodifiableMap$UnmodifiableEntrySet done
Event: 2.583 loading class java/util/Collections$UnmodifiableMap$UnmodifiableEntrySet$1
Event: 2.584 loading class sun/util/resources/Bundles$BundleReference
Event: 2.584 loading class java/util/Collections$UnmodifiableMap$UnmodifiableEntrySet$1 done
Event: 2.584 loading class java/util/Collections$UnmodifiableMap$UnmodifiableEntrySet$UnmodifiableEntry
Event: 2.584 loading class sun/util/resources/Bundles$CacheKeyReference
Event: 2.584 loading class sun/util/resources/Bundles$CacheKeyReference done
Event: 2.584 loading class sun/util/resources/Bundles$BundleReference done
Event: 2.584 loading class java/util/Collections$UnmodifiableMap$UnmodifiableEntrySet$UnmodifiableEntry done
Event: 2.584 loading class sun/util/resources/cldr/TimeZoneNames_en


Dynamic libraries:
0x00007ff678930000 - 0x00007ff67893a000 	C:\Users\tahan\.jdks\jbr-17.0.9\bin\java.exe
0x00007ffd1def0000 - 0x00007ffd1e106000 	C:\windows\SYSTEM32\ntdll.dll
0x00007ffd1c970000 - 0x00007ffd1ca34000 	C:\windows\System32\KERNEL32.DLL
0x00007ffd1b630000 - 0x00007ffd1b9d7000 	C:\windows\System32\KERNELBASE.dll
0x00007ffd1b510000 - 0x00007ffd1b621000 	C:\windows\System32\ucrtbase.dll
0x00007ffd02970000 - 0x00007ffd02987000 	C:\Users\tahan\.jdks\jbr-17.0.9\bin\jli.dll
0x00007ffd01700000 - 0x00007ffd0171b000 	C:\Users\tahan\.jdks\jbr-17.0.9\bin\VCRUNTIME140.dll
0x00007ffd1d410000 - 0x00007ffd1d5be000 	C:\windows\System32\USER32.dll
0x00007ffd1b9e0000 - 0x00007ffd1ba06000 	C:\windows\System32\win32u.dll
0x00007ffd135a0000 - 0x00007ffd13833000 	C:\windows\WinSxS\amd64_microsoft.windows.common-controls_6595b64144ccf1df_6.0.22621.3235_none_270f74e173860f98\COMCTL32.dll
0x00007ffd1cd70000 - 0x00007ffd1cd99000 	C:\windows\System32\GDI32.dll
0x00007ffd1c500000 - 0x00007ffd1c5a7000 	C:\windows\System32\msvcrt.dll
0x00007ffd1ba10000 - 0x00007ffd1bb29000 	C:\windows\System32\gdi32full.dll
0x00007ffd1b470000 - 0x00007ffd1b50a000 	C:\windows\System32\msvcp_win.dll
0x00007ffd1c5b0000 - 0x00007ffd1c5e1000 	C:\windows\System32\IMM32.DLL
0x00007ffd02960000 - 0x00007ffd0296c000 	C:\Users\tahan\.jdks\jbr-17.0.9\bin\vcruntime140_1.dll
0x00007ffcebf60000 - 0x00007ffcebfed000 	C:\Users\tahan\.jdks\jbr-17.0.9\bin\msvcp140.dll
0x00007ffcc5d50000 - 0x00007ffcc69d2000 	C:\Users\tahan\.jdks\jbr-17.0.9\bin\server\jvm.dll
0x00007ffd1c0e0000 - 0x00007ffd1c192000 	C:\windows\System32\ADVAPI32.dll
0x00007ffd1c030000 - 0x00007ffd1c0d8000 	C:\windows\System32\sechost.dll
0x00007ffd1b210000 - 0x00007ffd1b238000 	C:\windows\System32\bcrypt.dll
0x00007ffd1c2e0000 - 0x00007ffd1c3f5000 	C:\windows\System32\RPCRT4.dll
0x00007ffd1aa90000 - 0x00007ffd1aadd000 	C:\windows\SYSTEM32\POWRPROF.dll
0x00007ffd03620000 - 0x00007ffd03629000 	C:\windows\SYSTEM32\WSOCK32.dll
0x00007ffd1cb40000 - 0x00007ffd1cbb1000 	C:\windows\System32\WS2_32.dll
0x00007ffd133b0000 - 0x00007ffd133ba000 	C:\windows\SYSTEM32\VERSION.dll
0x00007ffd12f10000 - 0x00007ffd12f44000 	C:\windows\SYSTEM32\WINMM.dll
0x00007ffd1aa70000 - 0x00007ffd1aa83000 	C:\windows\SYSTEM32\UMPDC.dll
0x00007ffd1a1f0000 - 0x00007ffd1a208000 	C:\windows\SYSTEM32\kernel.appcore.dll
0x00007ffd01760000 - 0x00007ffd0176a000 	C:\Users\tahan\.jdks\jbr-17.0.9\bin\jimage.dll
0x00007ffd0f8a0000 - 0x00007ffd0fad3000 	C:\windows\SYSTEM32\DBGHELP.DLL
0x00007ffd1bc80000 - 0x00007ffd1c008000 	C:\windows\System32\combase.dll
0x00007ffd1ceb0000 - 0x00007ffd1cf87000 	C:\windows\System32\OLEAUT32.dll
0x00007ffd0f640000 - 0x00007ffd0f672000 	C:\windows\SYSTEM32\dbgcore.DLL
0x00007ffd1bba0000 - 0x00007ffd1bc19000 	C:\windows\System32\bcryptPrimitives.dll
0x00007ffd172b0000 - 0x00007ffd172be000 	C:\Users\tahan\.jdks\jbr-17.0.9\bin\instrument.dll
0x00007ffd011f0000 - 0x00007ffd01215000 	C:\Users\tahan\.jdks\jbr-17.0.9\bin\java.dll
0x00007ffd00ce0000 - 0x00007ffd00cf8000 	C:\Users\tahan\.jdks\jbr-17.0.9\bin\zip.dll
0x00007ffcd4a50000 - 0x00007ffcd4b27000 	C:\Users\tahan\.jdks\jbr-17.0.9\bin\jsvml.dll
0x00007ffd1d5d0000 - 0x00007ffd1de2c000 	C:\windows\System32\SHELL32.dll
0x00007ffd19130000 - 0x00007ffd19a29000 	C:\windows\SYSTEM32\windows.storage.dll
0x00007ffd18ff0000 - 0x00007ffd1912e000 	C:\windows\SYSTEM32\wintypes.dll
0x00007ffd1c400000 - 0x00007ffd1c4f3000 	C:\windows\System32\SHCORE.dll
0x00007ffd1c7b0000 - 0x00007ffd1c80e000 	C:\windows\System32\shlwapi.dll
0x00007ffd1b140000 - 0x00007ffd1b161000 	C:\windows\SYSTEM32\profapi.dll
0x00007ffd00b80000 - 0x00007ffd00b99000 	C:\Users\tahan\.jdks\jbr-17.0.9\bin\net.dll
0x00007ffd15640000 - 0x00007ffd15776000 	C:\windows\SYSTEM32\WINHTTP.dll
0x00007ffd1a730000 - 0x00007ffd1a799000 	C:\windows\system32\mswsock.dll
0x00007ffcfefd0000 - 0x00007ffcfefe6000 	C:\Users\tahan\.jdks\jbr-17.0.9\bin\nio.dll
0x00007ffd166e0000 - 0x00007ffd166fa000 	C:\Program Files\JetBrains\IntelliJ IDEA 2023.3.4\bin\breakgen64.dll
0x0000000069ac0000 - 0x0000000069ae4000 	C:\Users\tahan\AppData\Local\Temp\jansi-2.4.0-5bc936daec150b88-jansi.dll
0x00007ffd00b70000 - 0x00007ffd00b80000 	C:\Users\tahan\.jdks\jbr-17.0.9\bin\verify.dll

dbghelp: loaded successfully - version: 4.0.5 - missing functions: none
symbol engine: initialized successfully - sym options: 0x614 - pdb path: .;C:\Users\tahan\.jdks\jbr-17.0.9\bin;C:\windows\SYSTEM32;C:\windows\WinSxS\amd64_microsoft.windows.common-controls_6595b64144ccf1df_6.0.22621.3235_none_270f74e173860f98;C:\Users\tahan\.jdks\jbr-17.0.9\bin\server;C:\Program Files\JetBrains\IntelliJ IDEA 2023.3.4\bin;C:\Users\tahan\AppData\Local\Temp

VM Arguments:
jvm_args: -Dmaven.multiModuleProjectDirectory=C:\Users\tahan\OneDrive\Bureau\projetjava\GlowAppJava\GlowAppJava -Djansi.passthrough=true -Dmaven.home=C:\Program Files\JetBrains\IntelliJ IDEA 2023.3.4\plugins\maven\lib\maven3 -Dclassworlds.conf=C:\Program Files\JetBrains\IntelliJ IDEA 2023.3.4\plugins\maven\lib\maven3\bin\m2.conf -Dmaven.ext.class.path=C:\Program Files\JetBrains\IntelliJ IDEA 2023.3.4\plugins\maven\lib\maven-event-listener.jar -javaagent:C:\Program Files\JetBrains\IntelliJ IDEA 2023.3.4\lib\idea_rt.jar=55676:C:\Program Files\JetBrains\IntelliJ IDEA 2023.3.4\bin -Dfile.encoding=UTF-8 
java_command: org.codehaus.classworlds.Launcher -Didea.version=2023.3.4 org.openjfx:javafx-maven-plugin:0.0.8:run
java_class_path (initial): C:\Program Files\JetBrains\IntelliJ IDEA 2023.3.4\plugins\maven\lib\maven3\boot\plexus-classworlds-2.7.0.jar;C:\Program Files\JetBrains\IntelliJ IDEA 2023.3.4\plugins\maven\lib\maven3\boot\plexus-classworlds.license
Launcher Type: SUN_STANDARD

[Global flags]
     intx CICompilerCount                          = 12                                        {product} {ergonomic}
     uint ConcGCThreads                            = 3                                         {product} {ergonomic}
     uint G1ConcRefinementThreads                  = 13                                        {product} {ergonomic}
   size_t G1HeapRegionSize                         = 2097152                                   {product} {ergonomic}
    uintx GCDrainStackTargetSize                   = 64                                        {product} {ergonomic}
   size_t InitialHeapSize                          = 199229440                                 {product} {ergonomic}
   size_t MarkStackSize                            = 4194304                                   {product} {ergonomic}
   size_t MaxHeapSize                              = 3175088128                                {product} {ergonomic}
   size_t MaxNewSize                               = 1904214016                                {product} {ergonomic}
   size_t MinHeapDeltaBytes                        = 2097152                                   {product} {ergonomic}
   size_t MinHeapSize                              = 8388608                                   {product} {ergonomic}
    uintx NonNMethodCodeHeapSize                   = 7602480                                {pd product} {ergonomic}
    uintx NonProfiledCodeHeapSize                  = 122027880                              {pd product} {ergonomic}
    uintx ProfiledCodeHeapSize                     = 122027880                              {pd product} {ergonomic}
    uintx ReservedCodeCacheSize                    = 251658240                              {pd product} {ergonomic}
     bool SegmentedCodeCache                       = true                                      {product} {ergonomic}
   size_t SoftMaxHeapSize                          = 3175088128                             {manageable} {ergonomic}
     bool UseCompressedClassPointers               = true                           {product lp64_product} {ergonomic}
     bool UseCompressedOops                        = true                           {product lp64_product} {ergonomic}
     bool UseG1GC                                  = true                                      {product} {ergonomic}
     bool UseLargePagesIndividualAllocation        = false                                  {pd product} {ergonomic}

Logging:
Log output configuration:
 #0: stdout all=warning uptime,level,tags
 #1: stderr all=off uptime,level,tags

Environment Variables:
PATH=C:\Program Files\Common Files\Oracle\Java\javapath;C:\Program Files (x86)\Common Files\Oracle\Java\javapath;C:\oraclexe\app\oracle\product\10.2.0\server\bin;C:\windows\system32;C:\windows;C:\windows\System32\Wbem;C:\windows\System32\WindowsPowerShell\v1.0\;C:\windows\System32\OpenSSH\;C:\ProgramData\ComposerSetup\bin;C:\Program Files\Git\cmd;C:\Program Files\Process Lasso\;C:\xampp\php;C:\Windows\system32;C:\Windows;C:\Windows\System32\Wbem;C:\Windows\System32\WindowsPowerShell\v1.0\;
USERNAME=tahan
OS=Windows_NT
PROCESSOR_IDENTIFIER=AMD64 Family 23 Model 104 Stepping 1, AuthenticAMD
TMP=C:\Users\tahan\AppData\Local\Temp
TEMP=C:\Users\tahan\AppData\Local\Temp



Periodic native trim disabled

JNI global refs:
JNI global refs: 22, weak refs: 0

JNI global refs memory usage: 843, weak refs: 209

OOME stack traces (most recent first):
Classloader memory used:
