#
# There is insufficient memory for the Java Runtime Environment to continue.
# Native memory allocation (malloc) failed to allocate 1504976 bytes for Chunk::new
# Possible reasons:
#   The system is out of physical RAM or swap space
#   The process is running with CompressedOops enabled, and the Java Heap may be blocking the growth of the native heap
# Possible solutions:
#   Reduce memory load on the system
#   Increase physical memory or swap space
#   Check if swap backing store is full
#   Decrease Java heap size (-Xmx/-Xms)
#   Decrease number of Java threads
#   Decrease Java thread stack sizes (-Xss)
#   Set larger code cache with -XX:ReservedCodeCacheSize=
#   JVM is running with Zero Based Compressed Oops mode in which the Java heap is
#     placed in the first 32GB address space. The Java Heap base address is the
#     maximum limit for the native heap growth. Please use -XX:HeapBaseMinAddress
#     to set the Java Heap base and to place the Java Heap above 32GB virtual address.
# This output file may be truncated or incomplete.
#
#  Out of Memory Error (arena.cpp:189), pid=24956, tid=2964
#
# JRE version: Java(TM) SE Runtime Environment (17.0.10+11) (build 17.0.10+11-LTS-240)
# Java VM: Java HotSpot(TM) 64-Bit Server VM (17.0.10+11-LTS-240, mixed mode, sharing, tiered, compressed oops, compressed class ptrs, g1 gc, windows-amd64)
# No core dump will be written. Minidumps are not enabled by default on client versions of Windows
#

---------------  S U M M A R Y ------------

Command Line: --module-path=C:\Users\tahan\.m2\repository\org\openjfx\javafx-base\21.0.2\javafx-base-21.0.2-win.jar;C:\Users\tahan\.m2\repository\org\openjfx\javafx-base\21.0.2\javafx-base-21.0.2.jar;C:\Users\tahan\.m2\repository\org\openjfx\javafx-controls\21.0.2\javafx-controls-21.0.2-win.jar;C:\Users\tahan\.m2\repository\org\openjfx\javafx-controls\21.0.2\javafx-controls-21.0.2.jar;C:\Users\tahan\.m2\repository\org\openjfx\javafx-fxml\21.0.2\javafx-fxml-21.0.2-win.jar;C:\Users\tahan\.m2\repository\org\openjfx\javafx-fxml\21.0.2\javafx-fxml-21.0.2.jar;C:\Users\tahan\.m2\repository\org\openjfx\javafx-graphics\21.0.2\javafx-graphics-21.0.2-win.jar;C:\Users\tahan\.m2\repository\org\openjfx\javafx-graphics\21.0.2\javafx-graphics-21.0.2.jar;C:\Users\tahan\.m2\repository\org\openjfx\javafx-media\17.0.6\javafx-media-17.0.6-win.jar;C:\Users\tahan\.m2\repository\org\openjfx\javafx-media\17.0.6\javafx-media-17.0.6.jar;C:\Users\tahan\.m2\repository\org\openjfx\javafx-swing\17.0.6\javafx-swing-17.0.6-win.jar;C:\Users\tahan\.m2\repository\org\openjfx\javafx-swing\17.0.6\javafx-swing-17.0.6.jar;C:\Users\tahan\.m2\repository\org\openjfx\javafx-web\17.0.6\javafx-web-17.0.6-win.jar;C:\Users\tahan\.m2\repository\org\openjfx\javafx-web\17.0.6\javafx-web-17.0.6.jar --add-modules=javafx.base,javafx.controls,javafx.fxml,javafx.graphics,javafx.media,javafx.swing,javafx.web Tests.MainFX

Host: AMD Ryzen 7 5700U with Radeon Graphics         , 16 cores, 11G,  Windows 11 , 64 bit Build 22621 (10.0.22621.3374)
Time: Wed May  8 00:03:51 2024 Maroc (heure d64 bit Build 22621 (10.0.22621.3374) elapsed time: 0.902762 seconds (0d 0h 0m 0s)

---------------  T H R E A D  ---------------

Current thread (0x00000213f485fc80):  JavaThread "C2 CompilerThread2" daemon [_thread_in_native, id=2964, stack(0x000000ac95b00000,0x000000ac95c00000)]


Current CompileTask:
C2:    902 1426   !   4       com.sun.javafx.css.ParsedValueImpl::readBinary (691 bytes)

Stack: [0x000000ac95b00000,0x000000ac95c00000]
Native frames: (J=compiled Java code, j=interpreted, Vv=VM code, C=native code)
V  [jvm.dll+0x677a5a]
V  [jvm.dll+0x7d8b2d]
V  [jvm.dll+0x7da48e]
V  [jvm.dll+0x7daaf3]
V  [jvm.dll+0x2455ff]
V  [jvm.dll+0xaaafb]
V  [jvm.dll+0xab09c]
V  [jvm.dll+0x361b5f]
V  [jvm.dll+0x1bb1da]
V  [jvm.dll+0x217aa7]
V  [jvm.dll+0x216d81]
V  [jvm.dll+0x1a3410]
V  [jvm.dll+0x226aeb]
V  [jvm.dll+0x224cab]
V  [jvm.dll+0x78e45c]
V  [jvm.dll+0x78888a]
V  [jvm.dll+0x676935]
C  [ucrtbase.dll+0x29333]
C  [KERNEL32.DLL+0x1257d]
C  [ntdll.dll+0x5aa48]


---------------  P R O C E S S  ---------------

Threads class SMR info:
_java_thread_list=0x00000213fdbc0a90, length=23, elements={
0x00000213d32e4ac0, 0x00000213f4437dd0, 0x00000213f4439060, 0x00000213f444d310,
0x00000213f444eee0, 0x00000213f44510c0, 0x00000213f4453b90, 0x00000213f4454930,
0x00000213f4457720, 0x00000213f445a040, 0x00000213f46244b0, 0x00000213f4624de0,
0x00000213f4697ab0, 0x00000213f46fa7b0, 0x00000213f47581b0, 0x00000213f485fc80,
0x00000213f4856b70, 0x00000213f498e7c0, 0x00000213f93ab9a0, 0x00000213f978a830,
0x00000213f9774c10, 0x00000213fdbbb040, 0x00000213fdbe1650
}

Java Threads: ( => current thread )
  0x00000213d32e4ac0 JavaThread "main" [_thread_blocked, id=23540, stack(0x000000ac94600000,0x000000ac94700000)]
  0x00000213f4437dd0 JavaThread "Reference Handler" daemon [_thread_blocked, id=19548, stack(0x000000ac94d00000,0x000000ac94e00000)]
  0x00000213f4439060 JavaThread "Finalizer" daemon [_thread_blocked, id=24924, stack(0x000000ac94e00000,0x000000ac94f00000)]
  0x00000213f444d310 JavaThread "Signal Dispatcher" daemon [_thread_blocked, id=14224, stack(0x000000ac94f00000,0x000000ac95000000)]
  0x00000213f444eee0 JavaThread "Attach Listener" daemon [_thread_blocked, id=17884, stack(0x000000ac95000000,0x000000ac95100000)]
  0x00000213f44510c0 JavaThread "Service Thread" daemon [_thread_blocked, id=24232, stack(0x000000ac95100000,0x000000ac95200000)]
  0x00000213f4453b90 JavaThread "Monitor Deflation Thread" daemon [_thread_blocked, id=5704, stack(0x000000ac95200000,0x000000ac95300000)]
  0x00000213f4454930 JavaThread "C2 CompilerThread0" daemon [_thread_blocked, id=23160, stack(0x000000ac95300000,0x000000ac95400000)]
  0x00000213f4457720 JavaThread "C1 CompilerThread0" daemon [_thread_in_native, id=22764, stack(0x000000ac95400000,0x000000ac95500000)]
  0x00000213f445a040 JavaThread "Sweeper thread" daemon [_thread_blocked, id=25196, stack(0x000000ac95500000,0x000000ac95600000)]
  0x00000213f46244b0 JavaThread "C1 CompilerThread1" daemon [_thread_blocked, id=7388, stack(0x000000ac95600000,0x000000ac95700000)]
  0x00000213f4624de0 JavaThread "C1 CompilerThread2" daemon [_thread_blocked, id=22284, stack(0x000000ac95700000,0x000000ac95800000)]
  0x00000213f4697ab0 JavaThread "Common-Cleaner" daemon [_thread_blocked, id=24580, stack(0x000000ac95800000,0x000000ac95900000)]
  0x00000213f46fa7b0 JavaThread "C1 CompilerThread3" daemon [_thread_in_native, id=2348, stack(0x000000ac95900000,0x000000ac95a00000)]
  0x00000213f47581b0 JavaThread "C2 CompilerThread1" daemon [_thread_blocked, id=24188, stack(0x000000ac95a00000,0x000000ac95b00000)]
=>0x00000213f485fc80 JavaThread "C2 CompilerThread2" daemon [_thread_in_native, id=2964, stack(0x000000ac95b00000,0x000000ac95c00000)]
  0x00000213f4856b70 JavaThread "C2 CompilerThread3" daemon [_thread_in_native, id=24304, stack(0x000000ac95c00000,0x000000ac95d00000)]
  0x00000213f498e7c0 JavaThread "Notification Thread" daemon [_thread_blocked, id=26800, stack(0x000000ac95e00000,0x000000ac95f00000)]
  0x00000213f93ab9a0 JavaThread "QuantumRenderer-0" daemon [_thread_blocked, id=944, stack(0x000000ac96000000,0x000000ac96100000)]
  0x00000213f978a830 JavaThread "InvokeLaterDispatcher" daemon [_thread_blocked, id=20292, stack(0x000000ac96300000,0x000000ac96400000)]
  0x00000213f9774c10 JavaThread "JavaFX Application Thread" [_thread_in_Java, id=13112, stack(0x000000ac96400000,0x000000ac96500000)]
  0x00000213fdbbb040 JavaThread "JavaFX-Launcher" [_thread_blocked, id=25340, stack(0x000000ac96f00000,0x000000ac97000000)]
  0x00000213fdbe1650 JavaThread "Thread-2" daemon [_thread_in_native, id=25968, stack(0x000000ac95d00000,0x000000ac95e00000)]

Other Threads:
  0x00000213f4431370 VMThread "VM Thread" [stack: 0x000000ac94c00000,0x000000ac94d00000] [id=22860]
  0x00000213d3397770 WatcherThread [stack: 0x000000ac95f00000,0x000000ac96000000] [id=24164]
  0x00000213d333dd00 GCTaskThread "GC Thread#0" [stack: 0x000000ac94700000,0x000000ac94800000] [id=26912]
  0x00000213fdc04700 GCTaskThread "GC Thread#1" [stack: 0x000000ac97000000,0x000000ac97100000] [id=19468]
  0x00000213fdb9d530 GCTaskThread "GC Thread#2" [stack: 0x000000ac97100000,0x000000ac97200000] [id=21680]
  0x00000213fdbc11f0 GCTaskThread "GC Thread#3" [stack: 0x000000ac97200000,0x000000ac97300000] [id=17668]
  0x00000213fdbff2c0 GCTaskThread "GC Thread#4" [stack: 0x000000ac97300000,0x000000ac97400000] [id=24372]
  0x00000213fdb9e460 GCTaskThread "GC Thread#5" [stack: 0x000000ac97400000,0x000000ac97500000] [id=21780]
  0x00000213d334a990 ConcurrentGCThread "G1 Main Marker" [stack: 0x000000ac94800000,0x000000ac94900000] [id=21852]
  0x00000213d334b3a0 ConcurrentGCThread "G1 Conc#0" [stack: 0x000000ac94900000,0x000000ac94a00000] [id=4168]
  0x00000213f42ece00 ConcurrentGCThread "G1 Refine#0" [stack: 0x000000ac94a00000,0x000000ac94b00000] [id=26932]
  0x00000213f42eda40 ConcurrentGCThread "G1 Service" [stack: 0x000000ac94b00000,0x000000ac94c00000] [id=19824]

Threads with active compile tasks:
C2 CompilerThread2      922 1426   !   4       com.sun.javafx.css.ParsedValueImpl::readBinary (691 bytes)
C2 CompilerThread3      922 1612 %     4       com.sun.javafx.image.impl.BaseByteToByteConverter$FourByteReorderer::doConvert @ 27 (138 bytes)

VM state: not at safepoint (normal execution)

VM Mutex/Monitor currently owned by a thread: None

Heap address: 0x0000000742c00000, size: 3028 MB, Compressed Oops mode: Zero based, Oop shift amount: 3

CDS archive(s) mapped at: [0x0000021380000000-0x0000021380bd0000-0x0000021380bd0000), size 12386304, SharedBaseAddress: 0x0000021380000000, ArchiveRelocationMode: 1.
Compressed class space mapped at: 0x0000021381000000-0x00000213c1000000, reserved size: 1073741824
Narrow klass base: 0x0000021380000000, Narrow klass shift: 0, Narrow klass range: 0x100000000

GC Precious Log:
 CPUs: 16 total, 16 available
 Memory: 12109M
 Large Page Support: Disabled
 NUMA Support: Disabled
 Compressed Oops: Enabled (Zero based)
 Heap Region Size: 2M
 Heap Min Capacity: 8M
 Heap Initial Capacity: 190M
 Heap Max Capacity: 3028M
 Pre-touch: Disabled
 Parallel Workers: 13
 Concurrent Workers: 3
 Concurrent Refinement Workers: 13
 Periodic GC: Disabled

Heap:
 garbage-first heap   total 194560K, used 31603K [0x0000000742c00000, 0x0000000800000000)
  region size 2048K, 17 young (34816K), 2 survivors (4096K)
 Metaspace       used 10204K, committed 10368K, reserved 1114112K
  class space    used 1398K, committed 1472K, reserved 1048576K

Heap Regions: E=young(eden), S=young(survivor), O=old, HS=humongous(starts), HC=humongous(continues), CS=collection set, F=free, OA=open archive, CA=closed archive, TAMS=top-at-mark-start (previous, next)
|   0|0x0000000742c00000, 0x0000000742e00000, 0x0000000742e00000|100%|HS|  |TAMS 0x0000000742c00000, 0x0000000742c00000| Complete 
|   1|0x0000000742e00000, 0x0000000742e00000, 0x0000000743000000|  0%| F|  |TAMS 0x0000000742e00000, 0x0000000742e00000| Untracked 
|   2|0x0000000743000000, 0x0000000743000000, 0x0000000743200000|  0%| F|  |TAMS 0x0000000743000000, 0x0000000743000000| Untracked 
|   3|0x0000000743200000, 0x0000000743200000, 0x0000000743400000|  0%| F|  |TAMS 0x0000000743200000, 0x0000000743200000| Untracked 
|   4|0x0000000743400000, 0x0000000743400000, 0x0000000743600000|  0%| F|  |TAMS 0x0000000743400000, 0x0000000743400000| Untracked 
|   5|0x0000000743600000, 0x0000000743600000, 0x0000000743800000|  0%| F|  |TAMS 0x0000000743600000, 0x0000000743600000| Untracked 
|   6|0x0000000743800000, 0x0000000743800000, 0x0000000743a00000|  0%| F|  |TAMS 0x0000000743800000, 0x0000000743800000| Untracked 
|   7|0x0000000743a00000, 0x0000000743a00000, 0x0000000743c00000|  0%| F|  |TAMS 0x0000000743a00000, 0x0000000743a00000| Untracked 
|   8|0x0000000743c00000, 0x0000000743c00000, 0x0000000743e00000|  0%| F|  |TAMS 0x0000000743c00000, 0x0000000743c00000| Untracked 
|   9|0x0000000743e00000, 0x0000000743e00000, 0x0000000744000000|  0%| F|  |TAMS 0x0000000743e00000, 0x0000000743e00000| Untracked 
|  10|0x0000000744000000, 0x0000000744000000, 0x0000000744200000|  0%| F|  |TAMS 0x0000000744000000, 0x0000000744000000| Untracked 
|  11|0x0000000744200000, 0x0000000744200000, 0x0000000744400000|  0%| F|  |TAMS 0x0000000744200000, 0x0000000744200000| Untracked 
|  12|0x0000000744400000, 0x0000000744400000, 0x0000000744600000|  0%| F|  |TAMS 0x0000000744400000, 0x0000000744400000| Untracked 
|  13|0x0000000744600000, 0x0000000744600000, 0x0000000744800000|  0%| F|  |TAMS 0x0000000744600000, 0x0000000744600000| Untracked 
|  14|0x0000000744800000, 0x0000000744800000, 0x0000000744a00000|  0%| F|  |TAMS 0x0000000744800000, 0x0000000744800000| Untracked 
|  15|0x0000000744a00000, 0x0000000744a00000, 0x0000000744c00000|  0%| F|  |TAMS 0x0000000744a00000, 0x0000000744a00000| Untracked 
|  16|0x0000000744c00000, 0x0000000744c00000, 0x0000000744e00000|  0%| F|  |TAMS 0x0000000744c00000, 0x0000000744c00000| Untracked 
|  17|0x0000000744e00000, 0x0000000744e00000, 0x0000000745000000|  0%| F|  |TAMS 0x0000000744e00000, 0x0000000744e00000| Untracked 
|  18|0x0000000745000000, 0x0000000745000000, 0x0000000745200000|  0%| F|  |TAMS 0x0000000745000000, 0x0000000745000000| Untracked 
|  19|0x0000000745200000, 0x0000000745200000, 0x0000000745400000|  0%| F|  |TAMS 0x0000000745200000, 0x0000000745200000| Untracked 
|  20|0x0000000745400000, 0x0000000745400000, 0x0000000745600000|  0%| F|  |TAMS 0x0000000745400000, 0x0000000745400000| Untracked 
|  21|0x0000000745600000, 0x0000000745600000, 0x0000000745800000|  0%| F|  |TAMS 0x0000000745600000, 0x0000000745600000| Untracked 
|  22|0x0000000745800000, 0x0000000745800000, 0x0000000745a00000|  0%| F|  |TAMS 0x0000000745800000, 0x0000000745800000| Untracked 
|  23|0x0000000745a00000, 0x0000000745a00000, 0x0000000745c00000|  0%| F|  |TAMS 0x0000000745a00000, 0x0000000745a00000| Untracked 
|  24|0x0000000745c00000, 0x0000000745c00000, 0x0000000745e00000|  0%| F|  |TAMS 0x0000000745c00000, 0x0000000745c00000| Untracked 
|  25|0x0000000745e00000, 0x0000000745e00000, 0x0000000746000000|  0%| F|  |TAMS 0x0000000745e00000, 0x0000000745e00000| Untracked 
|  26|0x0000000746000000, 0x0000000746000000, 0x0000000746200000|  0%| F|  |TAMS 0x0000000746000000, 0x0000000746000000| Untracked 
|  27|0x0000000746200000, 0x0000000746200000, 0x0000000746400000|  0%| F|  |TAMS 0x0000000746200000, 0x0000000746200000| Untracked 
|  28|0x0000000746400000, 0x0000000746400000, 0x0000000746600000|  0%| F|  |TAMS 0x0000000746400000, 0x0000000746400000| Untracked 
|  29|0x0000000746600000, 0x0000000746600000, 0x0000000746800000|  0%| F|  |TAMS 0x0000000746600000, 0x0000000746600000| Untracked 
|  30|0x0000000746800000, 0x0000000746800000, 0x0000000746a00000|  0%| F|  |TAMS 0x0000000746800000, 0x0000000746800000| Untracked 
|  31|0x0000000746a00000, 0x0000000746a00000, 0x0000000746c00000|  0%| F|  |TAMS 0x0000000746a00000, 0x0000000746a00000| Untracked 
|  32|0x0000000746c00000, 0x0000000746c00000, 0x0000000746e00000|  0%| F|  |TAMS 0x0000000746c00000, 0x0000000746c00000| Untracked 
|  33|0x0000000746e00000, 0x0000000746e00000, 0x0000000747000000|  0%| F|  |TAMS 0x0000000746e00000, 0x0000000746e00000| Untracked 
|  34|0x0000000747000000, 0x0000000747000000, 0x0000000747200000|  0%| F|  |TAMS 0x0000000747000000, 0x0000000747000000| Untracked 
|  35|0x0000000747200000, 0x0000000747200000, 0x0000000747400000|  0%| F|  |TAMS 0x0000000747200000, 0x0000000747200000| Untracked 
|  36|0x0000000747400000, 0x0000000747400000, 0x0000000747600000|  0%| F|  |TAMS 0x0000000747400000, 0x0000000747400000| Untracked 
|  37|0x0000000747600000, 0x0000000747600000, 0x0000000747800000|  0%| F|  |TAMS 0x0000000747600000, 0x0000000747600000| Untracked 
|  38|0x0000000747800000, 0x0000000747800000, 0x0000000747a00000|  0%| F|  |TAMS 0x0000000747800000, 0x0000000747800000| Untracked 
|  39|0x0000000747a00000, 0x0000000747a00000, 0x0000000747c00000|  0%| F|  |TAMS 0x0000000747a00000, 0x0000000747a00000| Untracked 
|  40|0x0000000747c00000, 0x0000000747c00000, 0x0000000747e00000|  0%| F|  |TAMS 0x0000000747c00000, 0x0000000747c00000| Untracked 
|  41|0x0000000747e00000, 0x0000000747e00000, 0x0000000748000000|  0%| F|  |TAMS 0x0000000747e00000, 0x0000000747e00000| Untracked 
|  42|0x0000000748000000, 0x0000000748000000, 0x0000000748200000|  0%| F|  |TAMS 0x0000000748000000, 0x0000000748000000| Untracked 
|  43|0x0000000748200000, 0x0000000748200000, 0x0000000748400000|  0%| F|  |TAMS 0x0000000748200000, 0x0000000748200000| Untracked 
|  44|0x0000000748400000, 0x0000000748400000, 0x0000000748600000|  0%| F|  |TAMS 0x0000000748400000, 0x0000000748400000| Untracked 
|  45|0x0000000748600000, 0x0000000748600000, 0x0000000748800000|  0%| F|  |TAMS 0x0000000748600000, 0x0000000748600000| Untracked 
|  46|0x0000000748800000, 0x0000000748800000, 0x0000000748a00000|  0%| F|  |TAMS 0x0000000748800000, 0x0000000748800000| Untracked 
|  47|0x0000000748a00000, 0x0000000748a00000, 0x0000000748c00000|  0%| F|  |TAMS 0x0000000748a00000, 0x0000000748a00000| Untracked 
|  48|0x0000000748c00000, 0x0000000748c00000, 0x0000000748e00000|  0%| F|  |TAMS 0x0000000748c00000, 0x0000000748c00000| Untracked 
|  49|0x0000000748e00000, 0x0000000748e00000, 0x0000000749000000|  0%| F|  |TAMS 0x0000000748e00000, 0x0000000748e00000| Untracked 
|  50|0x0000000749000000, 0x0000000749000000, 0x0000000749200000|  0%| F|  |TAMS 0x0000000749000000, 0x0000000749000000| Untracked 
|  51|0x0000000749200000, 0x0000000749200000, 0x0000000749400000|  0%| F|  |TAMS 0x0000000749200000, 0x0000000749200000| Untracked 
|  52|0x0000000749400000, 0x0000000749400000, 0x0000000749600000|  0%| F|  |TAMS 0x0000000749400000, 0x0000000749400000| Untracked 
|  53|0x0000000749600000, 0x0000000749600000, 0x0000000749800000|  0%| F|  |TAMS 0x0000000749600000, 0x0000000749600000| Untracked 
|  54|0x0000000749800000, 0x0000000749800000, 0x0000000749a00000|  0%| F|  |TAMS 0x0000000749800000, 0x0000000749800000| Untracked 
|  55|0x0000000749a00000, 0x0000000749a00000, 0x0000000749c00000|  0%| F|  |TAMS 0x0000000749a00000, 0x0000000749a00000| Untracked 
|  56|0x0000000749c00000, 0x0000000749c00000, 0x0000000749e00000|  0%| F|  |TAMS 0x0000000749c00000, 0x0000000749c00000| Untracked 
|  57|0x0000000749e00000, 0x0000000749e00000, 0x000000074a000000|  0%| F|  |TAMS 0x0000000749e00000, 0x0000000749e00000| Untracked 
|  58|0x000000074a000000, 0x000000074a000000, 0x000000074a200000|  0%| F|  |TAMS 0x000000074a000000, 0x000000074a000000| Untracked 
|  59|0x000000074a200000, 0x000000074a200000, 0x000000074a400000|  0%| F|  |TAMS 0x000000074a200000, 0x000000074a200000| Untracked 
|  60|0x000000074a400000, 0x000000074a400000, 0x000000074a600000|  0%| F|  |TAMS 0x000000074a400000, 0x000000074a400000| Untracked 
|  61|0x000000074a600000, 0x000000074a600000, 0x000000074a800000|  0%| F|  |TAMS 0x000000074a600000, 0x000000074a600000| Untracked 
|  62|0x000000074a800000, 0x000000074a800000, 0x000000074aa00000|  0%| F|  |TAMS 0x000000074a800000, 0x000000074a800000| Untracked 
|  63|0x000000074aa00000, 0x000000074aa00000, 0x000000074ac00000|  0%| F|  |TAMS 0x000000074aa00000, 0x000000074aa00000| Untracked 
|  64|0x000000074ac00000, 0x000000074ac00000, 0x000000074ae00000|  0%| F|  |TAMS 0x000000074ac00000, 0x000000074ac00000| Untracked 
|  65|0x000000074ae00000, 0x000000074ae00000, 0x000000074b000000|  0%| F|  |TAMS 0x000000074ae00000, 0x000000074ae00000| Untracked 
|  66|0x000000074b000000, 0x000000074b000000, 0x000000074b200000|  0%| F|  |TAMS 0x000000074b000000, 0x000000074b000000| Untracked 
|  67|0x000000074b200000, 0x000000074b200000, 0x000000074b400000|  0%| F|  |TAMS 0x000000074b200000, 0x000000074b200000| Untracked 
|  68|0x000000074b400000, 0x000000074b400000, 0x000000074b600000|  0%| F|  |TAMS 0x000000074b400000, 0x000000074b400000| Untracked 
|  69|0x000000074b600000, 0x000000074b600000, 0x000000074b800000|  0%| F|  |TAMS 0x000000074b600000, 0x000000074b600000| Untracked 
|  70|0x000000074b800000, 0x000000074b800000, 0x000000074ba00000|  0%| F|  |TAMS 0x000000074b800000, 0x000000074b800000| Untracked 
|  71|0x000000074ba00000, 0x000000074ba00000, 0x000000074bc00000|  0%| F|  |TAMS 0x000000074ba00000, 0x000000074ba00000| Untracked 
|  72|0x000000074bc00000, 0x000000074bc00000, 0x000000074be00000|  0%| F|  |TAMS 0x000000074bc00000, 0x000000074bc00000| Untracked 
|  73|0x000000074be00000, 0x000000074be00000, 0x000000074c000000|  0%| F|  |TAMS 0x000000074be00000, 0x000000074be00000| Untracked 
|  74|0x000000074c000000, 0x000000074c000000, 0x000000074c200000|  0%| F|  |TAMS 0x000000074c000000, 0x000000074c000000| Untracked 
|  75|0x000000074c200000, 0x000000074c200000, 0x000000074c400000|  0%| F|  |TAMS 0x000000074c200000, 0x000000074c200000| Untracked 
|  76|0x000000074c400000, 0x000000074c400000, 0x000000074c600000|  0%| F|  |TAMS 0x000000074c400000, 0x000000074c400000| Untracked 
|  77|0x000000074c600000, 0x000000074c600000, 0x000000074c800000|  0%| F|  |TAMS 0x000000074c600000, 0x000000074c600000| Untracked 
|  78|0x000000074c800000, 0x000000074ca00000, 0x000000074ca00000|100%| E|  |TAMS 0x000000074c800000, 0x000000074c800000| Complete 
|  79|0x000000074ca00000, 0x000000074cc00000, 0x000000074cc00000|100%| E|CS|TAMS 0x000000074ca00000, 0x000000074ca00000| Complete 
|  80|0x000000074cc00000, 0x000000074ce00000, 0x000000074ce00000|100%| E|CS|TAMS 0x000000074cc00000, 0x000000074cc00000| Complete 
|  81|0x000000074ce00000, 0x000000074d000000, 0x000000074d000000|100%| E|CS|TAMS 0x000000074ce00000, 0x000000074ce00000| Complete 
|  82|0x000000074d000000, 0x000000074d0dcf80, 0x000000074d200000| 43%| S|CS|TAMS 0x000000074d000000, 0x000000074d000000| Complete 
|  83|0x000000074d200000, 0x000000074d400000, 0x000000074d400000|100%| S|CS|TAMS 0x000000074d200000, 0x000000074d200000| Complete 
|  84|0x000000074d400000, 0x000000074d600000, 0x000000074d600000|100%| E|CS|TAMS 0x000000074d400000, 0x000000074d400000| Complete 
|  85|0x000000074d600000, 0x000000074d800000, 0x000000074d800000|100%| E|CS|TAMS 0x000000074d600000, 0x000000074d600000| Complete 
|  86|0x000000074d800000, 0x000000074da00000, 0x000000074da00000|100%| E|CS|TAMS 0x000000074d800000, 0x000000074d800000| Complete 
|  87|0x000000074da00000, 0x000000074dc00000, 0x000000074dc00000|100%| E|CS|TAMS 0x000000074da00000, 0x000000074da00000| Complete 
|  88|0x000000074dc00000, 0x000000074de00000, 0x000000074de00000|100%| E|CS|TAMS 0x000000074dc00000, 0x000000074dc00000| Complete 
|  89|0x000000074de00000, 0x000000074e000000, 0x000000074e000000|100%| E|CS|TAMS 0x000000074de00000, 0x000000074de00000| Complete 
|  90|0x000000074e000000, 0x000000074e200000, 0x000000074e200000|100%| E|CS|TAMS 0x000000074e000000, 0x000000074e000000| Complete 
|  91|0x000000074e200000, 0x000000074e400000, 0x000000074e400000|100%| E|  |TAMS 0x000000074e200000, 0x000000074e200000| Complete 
|  92|0x000000074e400000, 0x000000074e600000, 0x000000074e600000|100%| E|CS|TAMS 0x000000074e400000, 0x000000074e400000| Complete 
|  93|0x000000074e600000, 0x000000074e800000, 0x000000074e800000|100%| E|CS|TAMS 0x000000074e600000, 0x000000074e600000| Complete 
|  94|0x000000074e800000, 0x000000074ea00000, 0x000000074ea00000|100%| E|CS|TAMS 0x000000074e800000, 0x000000074e800000| Complete 

Card table byte_map: [0x00000213eaa00000,0x00000213eaff0000] _byte_map_base: 0x00000213e6fea000

Marking Bits (Prev, Next): (CMBitMap*) 0x00000213d333e320, (CMBitMap*) 0x00000213d333e360
 Prev Bits: [0x00000213eb5e0000, 0x00000213ee530000)
 Next Bits: [0x00000213ee530000, 0x00000213f1480000)

Polling page: 0x00000213d0fa0000

Metaspace:

Usage:
  Non-class:      8.64 MB used.
      Class:      1.37 MB used.
       Both:     10.01 MB used.

Virtual space:
  Non-class space:       64.00 MB reserved,       8.75 MB ( 14%) committed,  1 nodes.
      Class space:        1.00 GB reserved,       1.44 MB ( <1%) committed,  1 nodes.
             Both:        1.06 GB reserved,      10.19 MB ( <1%) committed. 

Chunk freelists:
   Non-Class:  6.37 MB
       Class:  14.50 MB
        Both:  20.87 MB

MaxMetaspaceSize: unlimited
CompressedClassSpaceSize: 1.00 GB
Initial GC threshold: 21.00 MB
Current GC threshold: 21.00 MB
CDS: on
MetaspaceReclaimPolicy: balanced
 - commit_granule_bytes: 65536.
 - commit_granule_words: 8192.
 - virtual_space_node_default_size: 8388608.
 - enlarge_chunks_in_place: 1.
 - new_chunks_are_fully_committed: 0.
 - uncommit_free_chunks: 1.
 - use_allocation_guard: 0.
 - handle_deallocations: 1.


Internal statistics:

num_allocs_failed_limit: 0.
num_arena_births: 160.
num_arena_deaths: 0.
num_vsnodes_births: 2.
num_vsnodes_deaths: 0.
num_space_committed: 163.
num_space_uncommitted: 0.
num_chunks_returned_to_freelist: 0.
num_chunks_taken_from_freelist: 456.
num_chunk_merges: 0.
num_chunk_splits: 322.
num_chunks_enlarged: 253.
num_inconsistent_stats: 0.

CodeHeap 'non-profiled nmethods': size=119168Kb used=523Kb max_used=523Kb free=118644Kb
 bounds [0x00000213e2720000, 0x00000213e2990000, 0x00000213e9b80000]
CodeHeap 'profiled nmethods': size=119104Kb used=3000Kb max_used=3000Kb free=116104Kb
 bounds [0x00000213dab80000, 0x00000213dae70000, 0x00000213e1fd0000]
CodeHeap 'non-nmethods': size=7488Kb used=2986Kb max_used=2986Kb free=4501Kb
 bounds [0x00000213e1fd0000, 0x00000213e22c0000, 0x00000213e2720000]
 total_blobs=2248 nmethods=1641 adapters=514
 compilation: enabled
              stopped_count=0, restarted_count=0
 full_count=0

Compilation events (20 events):
Event: 0.888 Thread 0x00000213f4457720 1618       3       java.io.FileDescriptor::valid (25 bytes)
Event: 0.888 Thread 0x00000213f4624de0 1619       3       java.io.FileDescriptor$1::get (5 bytes)
Event: 0.888 Thread 0x00000213f46244b0 1620       3       java.io.FileDescriptor$1::getHandle (5 bytes)
Event: 0.888 Thread 0x00000213f4457720 nmethod 1618 0x00000213dae61790 code [0x00000213dae61920, 0x00000213dae61ad8]
Event: 0.888 Thread 0x00000213f4624de0 nmethod 1619 0x00000213dae61b90 code [0x00000213dae61d20, 0x00000213dae61e38]
Event: 0.888 Thread 0x00000213f4457720 1621       3       java.io.FileCleanable::<init> (18 bytes)
Event: 0.888 Thread 0x00000213f46244b0 nmethod 1620 0x00000213dae61f10 code [0x00000213dae620a0, 0x00000213dae621b8]
Event: 0.888 Thread 0x00000213f4624de0 1622  s    3       java.io.FileDescriptor::registerCleanup (27 bytes)
Event: 0.889 Thread 0x00000213f4457720 nmethod 1621 0x00000213dae62290 code [0x00000213dae62420, 0x00000213dae62588]
Event: 0.889 Thread 0x00000213f46fa7b0 nmethod 1617 0x00000213dae62690 code [0x00000213dae628a0, 0x00000213dae630f8]
Event: 0.889 Thread 0x00000213f4624de0 nmethod 1622 0x00000213dae63410 code [0x00000213dae635e0, 0x00000213dae63a78]
Event: 0.889 Thread 0x00000213f4624de0 1623 %     3       java.util.Properties$LineReader::readLine @ 224 (584 bytes)
Event: 0.890 Thread 0x00000213f46fa7b0 1624       3       java.lang.invoke.BoundMethodHandle::editor (8 bytes)
Event: 0.890 Thread 0x00000213f4454930 1625       4       java.lang.String::endsWith (15 bytes)
Event: 0.890 Thread 0x00000213f46fa7b0 nmethod 1624 0x00000213dae63c10 code [0x00000213dae63de0, 0x00000213dae64188]
Event: 0.893 Thread 0x00000213f4624de0 nmethod 1623% 0x00000213dae64310 code [0x00000213dae64700, 0x00000213dae676f8]
Event: 0.894 Thread 0x00000213f4454930 nmethod 1625 0x00000213e279ec10 code [0x00000213e279eda0, 0x00000213e279ef98]
Event: 0.896 Thread 0x00000213f4454930 1626       4       java.util.HashMap$HashIterator::nextNode (100 bytes)
Event: 0.897 Thread 0x00000213f4624de0 1628       3       jdk.internal.misc.VM::isSystemDomainLoader (17 bytes)
Event: 0.899 Thread 0x00000213f4624de0 nmethod 1628 0x00000213dae68590 code [0x00000213dae687e0, 0x00000213dae69298]

GC Heap History (2 events):
Event: 0.498 GC heap before
{Heap before GC invocations=0 (full 0):
 garbage-first heap   total 194560K, used 22528K [0x0000000742c00000, 0x0000000800000000)
  region size 2048K, 11 young (22528K), 0 survivors (0K)
 Metaspace       used 4273K, committed 4480K, reserved 1114112K
  class space    used 489K, committed 576K, reserved 1048576K
}
Event: 0.501 GC heap after
{Heap after GC invocations=1 (full 0):
 garbage-first heap   total 194560K, used 2931K [0x0000000742c00000, 0x0000000800000000)
  region size 2048K, 2 young (4096K), 2 survivors (4096K)
 Metaspace       used 4273K, committed 4480K, reserved 1114112K
  class space    used 489K, committed 576K, reserved 1048576K
}

Deoptimization events (20 events):
Event: 0.858 Thread 0x00000213f9774c10 DEOPT PACKING pc=0x00000213dae5a943 sp=0x000000ac964fd840
Event: 0.858 Thread 0x00000213f9774c10 DEOPT UNPACKING pc=0x00000213e2022b43 sp=0x000000ac964fccd0 mode 0
Event: 0.858 Thread 0x00000213f9774c10 DEOPT PACKING pc=0x00000213dae5a943 sp=0x000000ac964fd840
Event: 0.858 Thread 0x00000213f9774c10 DEOPT UNPACKING pc=0x00000213e2022b43 sp=0x000000ac964fccd0 mode 0
Event: 0.858 Thread 0x00000213f9774c10 DEOPT PACKING pc=0x00000213dae5a943 sp=0x000000ac964fd840
Event: 0.858 Thread 0x00000213f9774c10 DEOPT UNPACKING pc=0x00000213e2022b43 sp=0x000000ac964fccd0 mode 0
Event: 0.858 Thread 0x00000213f9774c10 DEOPT PACKING pc=0x00000213dae5a943 sp=0x000000ac964fd840
Event: 0.858 Thread 0x00000213f9774c10 DEOPT UNPACKING pc=0x00000213e2022b43 sp=0x000000ac964fccd0 mode 0
Event: 0.859 Thread 0x00000213f9774c10 DEOPT PACKING pc=0x00000213dae5a943 sp=0x000000ac964fd840
Event: 0.859 Thread 0x00000213f9774c10 DEOPT UNPACKING pc=0x00000213e2022b43 sp=0x000000ac964fccd0 mode 0
Event: 0.859 Thread 0x00000213f9774c10 DEOPT PACKING pc=0x00000213dae5a943 sp=0x000000ac964fd840
Event: 0.859 Thread 0x00000213f9774c10 DEOPT UNPACKING pc=0x00000213e2022b43 sp=0x000000ac964fccd0 mode 0
Event: 0.895 Thread 0x00000213f9774c10 Uncommon trap: trap_request=0xffffff45 fr.pc=0x00000213e27463f4 relative=0x0000000000000df4
Event: 0.895 Thread 0x00000213f9774c10 Uncommon trap: reason=unstable_if action=reinterpret pc=0x00000213e27463f4 method=java.util.HashMap.hash(Ljava/lang/Object;)I @ 1 c2
Event: 0.895 Thread 0x00000213f9774c10 DEOPT PACKING pc=0x00000213e27463f4 sp=0x000000ac964fd930
Event: 0.895 Thread 0x00000213f9774c10 DEOPT UNPACKING pc=0x00000213e20223a3 sp=0x000000ac964fd8d0 mode 2
Event: 0.896 Thread 0x00000213f9774c10 Uncommon trap: trap_request=0xffffff45 fr.pc=0x00000213e278ff30 relative=0x0000000000000110
Event: 0.896 Thread 0x00000213f9774c10 Uncommon trap: reason=unstable_if action=reinterpret pc=0x00000213e278ff30 method=com.sun.javafx.css.BitSet$1.hasNext()Z @ 18 c2
Event: 0.896 Thread 0x00000213f9774c10 DEOPT PACKING pc=0x00000213e278ff30 sp=0x000000ac964fd640
Event: 0.896 Thread 0x00000213f9774c10 DEOPT UNPACKING pc=0x00000213e20223a3 sp=0x000000ac964fd5c0 mode 2

Classes unloaded (0 events):
No events

Classes redefined (0 events):
No events

Internal exceptions (20 events):
Event: 0.177 Thread 0x00000213d32e4ac0 Exception <a 'java/lang/NoSuchMethodError'{0x000000074e106fb0}: 'void java.lang.invoke.DirectMethodHandle$Holder.invokeStatic(java.lang.Object, java.lang.Object)'> (0x000000074e106fb0) 
thrown [s\open\src\hotspot\share\interpreter\linkResolver.cpp, line 759]
Event: 0.369 Thread 0x00000213d32e4ac0 Exception <a 'java/lang/NoSuchMethodError'{0x000000074dafb8f0}: 'void java.lang.invoke.DirectMethodHandle$Holder.invokeSpecial(java.lang.Object, java.lang.Object, java.lang.Object)'> (0x000000074dafb8f0) 
thrown [s\open\src\hotspot\share\interpreter\linkResolver.cpp, line 759]
Event: 0.376 Thread 0x00000213d32e4ac0 Exception <a 'java/lang/NoSuchMethodError'{0x000000074db34688}: 'void java.lang.invoke.DirectMethodHandle$Holder.invokeStatic(java.lang.Object, java.lang.Object, java.lang.Object)'> (0x000000074db34688) 
thrown [s\open\src\hotspot\share\interpreter\linkResolver.cpp, line 759]
Event: 0.404 Thread 0x00000213d32e4ac0 Exception <a 'java/lang/NoSuchMethodError'{0x000000074db51260}: 'int java.lang.invoke.DirectMethodHandle$Holder.invokeStaticInit(java.lang.Object, java.lang.Object, java.lang.Object)'> (0x000000074db51260) 
thrown [s\open\src\hotspot\share\interpreter\linkResolver.cpp, line 759]
Event: 0.419 Thread 0x00000213d32e4ac0 Exception <a 'java/lang/NoSuchMethodError'{0x000000074d87e740}: 'java.lang.Object java.lang.invoke.DirectMethodHandle$Holder.newInvokeSpecial(java.lang.Object, java.lang.Object, int, java.lang.Object)'> (0x000000074d87e740) 
thrown [s\open\src\hotspot\share\interpreter\linkResolver.cpp, line 759]
Event: 0.420 Thread 0x00000213d32e4ac0 Exception <a 'java/lang/NoSuchMethodError'{0x000000074d882b20}: 'java.lang.Object java.lang.invoke.DirectMethodHandle$Holder.invokeSpecial(java.lang.Object, java.lang.Object, java.lang.Object, int, java.lang.Object)'> (0x000000074d882b20) 
thrown [s\open\src\hotspot\share\interpreter\linkResolver.cpp, line 759]
Event: 0.468 Thread 0x00000213f9774c10 Exception <a 'java/lang/NoSuchMethodError'{0x000000074d786890}: 'void java.lang.invoke.DirectMethodHandle$Holder.invokeStaticInit(java.lang.Object)'> (0x000000074d786890) 
thrown [s\open\src\hotspot\share\interpreter\linkResolver.cpp, line 759]
Event: 0.472 Thread 0x00000213d32e4ac0 Exception <a 'java/lang/NoSuchMethodError'{0x000000074d897bb0}: 'java.lang.Object java.lang.invoke.DirectMethodHandle$Holder.newInvokeSpecial(java.lang.Object, java.lang.Object, java.lang.Object, java.lang.Object, java.lang.Object, java.lang.Object)'> (0x000000074d897bb0) 
thrown [s\open\src\hotspot\share\interpreter\linkResolver.cpp, line 759]
Event: 0.479 Thread 0x00000213d32e4ac0 Exception <a 'java/lang/NoSuchMethodError'{0x000000074d8c8578}: 'java.lang.Object java.lang.invoke.DirectMethodHandle$Holder.newInvokeSpecial(java.lang.Object, java.lang.Object, java.lang.Object, java.lang.Object, java.lang.Object)'> (0x000000074d8c8578) 
thrown [s\open\src\hotspot\share\interpreter\linkResolver.cpp, line 759]
Event: 0.481 Thread 0x00000213fdbbb040 Exception <a 'java/lang/NoSuchMethodError'{0x000000074d7d9a80}: 'void java.lang.invoke.DirectMethodHandle$Holder.invokeStatic(java.lang.Object, java.lang.Object, java.lang.Object, java.lang.Object)'> (0x000000074d7d9a80) 
thrown [s\open\src\hotspot\share\interpreter\linkResolver.cpp, line 759]
Event: 0.614 Thread 0x00000213f9774c10 Exception <a 'java/lang/NoSuchMethodError'{0x000000074dc03538}: 'java.lang.Object java.lang.invoke.DirectMethodHandle$Holder.invokeStaticInit(java.lang.Object, java.lang.Object, java.lang.Object, java.lang.Object)'> (0x000000074dc03538) 
thrown [s\open\src\hotspot\share\interpreter\linkResolver.cpp, line 759]
Event: 0.615 Thread 0x00000213f9774c10 Exception <a 'java/lang/NullPointerException'{0x000000074dc0f200}> (0x000000074dc0f200) 
thrown [s\open\src\hotspot\share\interpreter\linkResolver.cpp, line 1350]
Event: 0.655 Thread 0x00000213f9774c10 Exception <a 'java/io/FileNotFoundException'{0x000000074dacb6f0}> (0x000000074dacb6f0) 
thrown [s\open\src\hotspot\share\prims\jni.cpp, line 516]
Event: 0.664 Thread 0x00000213f9774c10 Exception <a 'java/io/FileNotFoundException'{0x000000074db238f0}> (0x000000074db238f0) 
thrown [s\open\src\hotspot\share\prims\jni.cpp, line 516]
Event: 0.671 Thread 0x00000213f9774c10 Exception <a 'java/lang/ClassNotFoundException'{0x000000074dba9208}: com/sun/glass/ui/win/themes> (0x000000074dba9208) 
thrown [s\open\src\hotspot\share\prims\jni.cpp, line 535]
Event: 0.672 Thread 0x00000213f9774c10 Exception <a 'java/lang/ClassNotFoundException'{0x000000074dbb54b8}: com/sun/glass/ui/win/themes_fr> (0x000000074dbb54b8) 
thrown [s\open\src\hotspot\share\prims\jni.cpp, line 535]
Event: 0.672 Thread 0x00000213f9774c10 Exception <a 'java/lang/ClassNotFoundException'{0x000000074dbbd580}: com/sun/glass/ui/win/themes_fr_FR> (0x000000074dbbd580) 
thrown [s\open\src\hotspot\share\prims\jni.cpp, line 535]
Event: 0.738 Thread 0x00000213f9774c10 Exception <a 'java/lang/NoSuchMethodError'{0x000000074d4e36d8}: 'void java.lang.invoke.DirectMethodHandle$Holder.invokeStaticInit(java.lang.Object, java.lang.Object)'> (0x000000074d4e36d8) 
thrown [s\open\src\hotspot\share\interpreter\linkResolver.cpp, line 759]
Event: 0.743 Thread 0x00000213f9774c10 Exception <a 'java/lang/NoSuchMethodError'{0x000000074d518948}: 'void java.lang.invoke.DirectMethodHandle$Holder.invokeSpecial(java.lang.Object, java.lang.Object, java.lang.Object, java.lang.Object, java.lang.Object)'> (0x000000074d518948) 
thrown [s\open\src\hotspot\share\interpreter\linkResolver.cpp, line 759]
Event: 0.895 Thread 0x00000213f9774c10 Implicit null exception at 0x00000213e274563e to 0x00000213e27463d8

VM Operations (12 events):
Event: 0.111 Executing VM operation: HandshakeAllThreads
Event: 0.111 Executing VM operation: HandshakeAllThreads done
Event: 0.149 Executing VM operation: HandshakeAllThreads
Event: 0.150 Executing VM operation: HandshakeAllThreads done
Event: 0.412 Executing VM operation: HandshakeAllThreads
Event: 0.412 Executing VM operation: HandshakeAllThreads done
Event: 0.498 Executing VM operation: G1CollectForAllocation
Event: 0.501 Executing VM operation: G1CollectForAllocation done
Event: 0.691 Executing VM operation: HandshakeAllThreads
Event: 0.691 Executing VM operation: HandshakeAllThreads done
Event: 0.845 Executing VM operation: ICBufferFull
Event: 0.845 Executing VM operation: ICBufferFull done

Events (20 events):
Event: 0.841 loading class java/nio/FloatBuffer
Event: 0.841 loading class java/nio/FloatBuffer done
Event: 0.885 loading class jdk/internal/logger/LazyLoggers
Event: 0.885 loading class jdk/internal/logger/LazyLoggers done
Event: 0.885 loading class jdk/internal/logger/LazyLoggers$1
Event: 0.885 loading class jdk/internal/logger/LazyLoggers$1 done
Event: 0.885 loading class jdk/internal/logger/LazyLoggers$LazyLoggerFactories
Event: 0.885 loading class jdk/internal/logger/LazyLoggers$LazyLoggerFactories done
Event: 0.885 loading class jdk/internal/logger/LoggerFinderLoader
Event: 0.886 loading class jdk/internal/logger/LoggerFinderLoader done
Event: 0.886 loading class java/io/FilePermission$1
Event: 0.886 loading class jdk/internal/access/JavaIOFilePermissionAccess
Event: 0.886 loading class jdk/internal/access/JavaIOFilePermissionAccess done
Event: 0.886 loading class java/io/FilePermission$1 done
Event: 0.887 loading class jdk/internal/logger/LoggerFinderLoader$TemporaryLoggerFinder
Event: 0.887 loading class jdk/internal/logger/LoggerFinderLoader$TemporaryLoggerFinder done
Event: 0.890 loading class sun/util/logging/internal/LoggingProviderImpl$JULWrapper
Event: 0.890 loading class sun/util/logging/PlatformLogger$ConfigurableBridge$LoggerConfiguration
Event: 0.890 loading class sun/util/logging/PlatformLogger$ConfigurableBridge$LoggerConfiguration done
Event: 0.890 loading class sun/util/logging/internal/LoggingProviderImpl$JULWrapper done


Dynamic libraries:
0x00007ff7725b0000 - 0x00007ff7725c0000 	C:\Program Files\Java\jdk-17\bin\java.exe
0x00007ffd1def0000 - 0x00007ffd1e106000 	C:\windows\SYSTEM32\ntdll.dll
0x00007ffd1c970000 - 0x00007ffd1ca34000 	C:\windows\System32\KERNEL32.DLL
0x00007ffd1b630000 - 0x00007ffd1b9d7000 	C:\windows\System32\KERNELBASE.dll
0x00007ffd1b510000 - 0x00007ffd1b621000 	C:\windows\System32\ucrtbase.dll
0x00007ffced0b0000 - 0x00007ffced0cb000 	C:\Program Files\Java\jdk-17\bin\VCRUNTIME140.dll
0x00007ffd00dd0000 - 0x00007ffd00de9000 	C:\Program Files\Java\jdk-17\bin\jli.dll
0x00007ffd1c0e0000 - 0x00007ffd1c192000 	C:\windows\System32\ADVAPI32.dll
0x00007ffd1c500000 - 0x00007ffd1c5a7000 	C:\windows\System32\msvcrt.dll
0x00007ffd1c030000 - 0x00007ffd1c0d8000 	C:\windows\System32\sechost.dll
0x00007ffd1b210000 - 0x00007ffd1b238000 	C:\windows\System32\bcrypt.dll
0x00007ffd1c2e0000 - 0x00007ffd1c3f5000 	C:\windows\System32\RPCRT4.dll
0x00007ffd1d410000 - 0x00007ffd1d5be000 	C:\windows\System32\USER32.dll
0x00007ffd135a0000 - 0x00007ffd13833000 	C:\windows\WinSxS\amd64_microsoft.windows.common-controls_6595b64144ccf1df_6.0.22621.3235_none_270f74e173860f98\COMCTL32.dll
0x00007ffd1b9e0000 - 0x00007ffd1ba06000 	C:\windows\System32\win32u.dll
0x00007ffd1cd70000 - 0x00007ffd1cd99000 	C:\windows\System32\GDI32.dll
0x00007ffd1ba10000 - 0x00007ffd1bb29000 	C:\windows\System32\gdi32full.dll
0x00007ffd1b470000 - 0x00007ffd1b50a000 	C:\windows\System32\msvcp_win.dll
0x00007ffd133b0000 - 0x00007ffd133ba000 	C:\windows\SYSTEM32\VERSION.dll
0x00007ffd1c5b0000 - 0x00007ffd1c5e1000 	C:\windows\System32\IMM32.DLL
0x00007ffd00dc0000 - 0x00007ffd00dcc000 	C:\Program Files\Java\jdk-17\bin\vcruntime140_1.dll
0x00007ffced020000 - 0x00007ffced0ae000 	C:\Program Files\Java\jdk-17\bin\msvcp140.dll
0x00007ffc78d30000 - 0x00007ffc7990f000 	C:\Program Files\Java\jdk-17\bin\server\jvm.dll
0x00007ffd1d5c0000 - 0x00007ffd1d5c8000 	C:\windows\System32\PSAPI.DLL
0x00007ffd03620000 - 0x00007ffd03629000 	C:\windows\SYSTEM32\WSOCK32.dll
0x00007ffd1cb40000 - 0x00007ffd1cbb1000 	C:\windows\System32\WS2_32.dll
0x00007ffd12f10000 - 0x00007ffd12f44000 	C:\windows\SYSTEM32\WINMM.dll
0x00007ffd1a1f0000 - 0x00007ffd1a208000 	C:\windows\SYSTEM32\kernel.appcore.dll
0x00007ffced010000 - 0x00007ffced01a000 	C:\Program Files\Java\jdk-17\bin\jimage.dll
0x00007ffd0f8a0000 - 0x00007ffd0fad3000 	C:\windows\SYSTEM32\DBGHELP.DLL
0x00007ffd1bc80000 - 0x00007ffd1c008000 	C:\windows\System32\combase.dll
0x00007ffd1ceb0000 - 0x00007ffd1cf87000 	C:\windows\System32\OLEAUT32.dll
0x00007ffd0f640000 - 0x00007ffd0f672000 	C:\windows\SYSTEM32\dbgcore.DLL
0x00007ffd1bba0000 - 0x00007ffd1bc19000 	C:\windows\System32\bcryptPrimitives.dll
0x00007ffcecfe0000 - 0x00007ffced005000 	C:\Program Files\Java\jdk-17\bin\java.dll
0x00007ffcd6750000 - 0x00007ffcd6827000 	C:\Program Files\Java\jdk-17\bin\jsvml.dll
0x00007ffd1d5d0000 - 0x00007ffd1de2c000 	C:\windows\System32\SHELL32.dll
0x00007ffd19130000 - 0x00007ffd19a29000 	C:\windows\SYSTEM32\windows.storage.dll
0x00007ffd18ff0000 - 0x00007ffd1912e000 	C:\windows\SYSTEM32\wintypes.dll
0x00007ffd1c400000 - 0x00007ffd1c4f3000 	C:\windows\System32\SHCORE.dll
0x00007ffd1c7b0000 - 0x00007ffd1c80e000 	C:\windows\System32\shlwapi.dll
0x00007ffd1b140000 - 0x00007ffd1b161000 	C:\windows\SYSTEM32\profapi.dll
0x00007ffcece30000 - 0x00007ffcece49000 	C:\Program Files\Java\jdk-17\bin\net.dll
0x00007ffd15640000 - 0x00007ffd15776000 	C:\windows\SYSTEM32\WINHTTP.dll
0x00007ffd1a730000 - 0x00007ffd1a799000 	C:\windows\system32\mswsock.dll
0x00007ffcec330000 - 0x00007ffcec346000 	C:\Program Files\Java\jdk-17\bin\nio.dll
0x00007ffcec180000 - 0x00007ffcec198000 	C:\Program Files\Java\jdk-17\bin\zip.dll
0x00000213d31d0000 - 0x00000213d31d3000 	C:\Users\tahan\.openjfx\cache\21.0.2+5\amd64\api-ms-win-core-console-l1-1-0.dll
0x00000213d31e0000 - 0x00000213d31e3000 	C:\Users\tahan\.openjfx\cache\21.0.2+5\amd64\api-ms-win-core-console-l1-2-0.dll
0x00000213d31f0000 - 0x00000213d31f3000 	C:\Users\tahan\.openjfx\cache\21.0.2+5\amd64\api-ms-win-core-datetime-l1-1-0.dll
0x00000213d3200000 - 0x00000213d3203000 	C:\Users\tahan\.openjfx\cache\21.0.2+5\amd64\api-ms-win-core-debug-l1-1-0.dll
0x00000213d3210000 - 0x00000213d3213000 	C:\Users\tahan\.openjfx\cache\21.0.2+5\amd64\api-ms-win-core-errorhandling-l1-1-0.dll
0x00000213d3220000 - 0x00000213d3224000 	C:\Users\tahan\.openjfx\cache\21.0.2+5\amd64\api-ms-win-core-file-l1-1-0.dll
0x00000213d3230000 - 0x00000213d3233000 	C:\Users\tahan\.openjfx\cache\21.0.2+5\amd64\api-ms-win-core-file-l1-2-0.dll
0x00000213d3240000 - 0x00000213d3243000 	C:\Users\tahan\.openjfx\cache\21.0.2+5\amd64\api-ms-win-core-file-l2-1-0.dll
0x00000213d3250000 - 0x00000213d3253000 	C:\Users\tahan\.openjfx\cache\21.0.2+5\amd64\api-ms-win-core-handle-l1-1-0.dll
0x00000213d3260000 - 0x00000213d3263000 	C:\Users\tahan\.openjfx\cache\21.0.2+5\amd64\api-ms-win-core-heap-l1-1-0.dll
0x00000213d3270000 - 0x00000213d3273000 	C:\Users\tahan\.openjfx\cache\21.0.2+5\amd64\api-ms-win-core-interlocked-l1-1-0.dll
0x00000213d3280000 - 0x00000213d3283000 	C:\Users\tahan\.openjfx\cache\21.0.2+5\amd64\api-ms-win-core-libraryloader-l1-1-0.dll
0x00000213d3290000 - 0x00000213d3293000 	C:\Users\tahan\.openjfx\cache\21.0.2+5\amd64\api-ms-win-core-localization-l1-2-0.dll
0x00000213f4990000 - 0x00000213f4993000 	C:\Users\tahan\.openjfx\cache\21.0.2+5\amd64\api-ms-win-core-memory-l1-1-0.dll
0x00000213f49a0000 - 0x00000213f49a3000 	C:\Users\tahan\.openjfx\cache\21.0.2+5\amd64\api-ms-win-core-namedpipe-l1-1-0.dll
0x00000213f49b0000 - 0x00000213f49b3000 	C:\Users\tahan\.openjfx\cache\21.0.2+5\amd64\api-ms-win-core-processenvironment-l1-1-0.dll
0x00000213f49c0000 - 0x00000213f49c3000 	C:\Users\tahan\.openjfx\cache\21.0.2+5\amd64\api-ms-win-core-processthreads-l1-1-0.dll
0x00000213f49d0000 - 0x00000213f49d3000 	C:\Users\tahan\.openjfx\cache\21.0.2+5\amd64\api-ms-win-core-processthreads-l1-1-1.dll
0x00000213f49e0000 - 0x00000213f49e3000 	C:\Users\tahan\.openjfx\cache\21.0.2+5\amd64\api-ms-win-core-profile-l1-1-0.dll
0x00000213f49f0000 - 0x00000213f49f3000 	C:\Users\tahan\.openjfx\cache\21.0.2+5\amd64\api-ms-win-core-rtlsupport-l1-1-0.dll
0x00000213f4a00000 - 0x00000213f4a03000 	C:\Users\tahan\.openjfx\cache\21.0.2+5\amd64\api-ms-win-core-string-l1-1-0.dll
0x00000213f4a10000 - 0x00000213f4a13000 	C:\Users\tahan\.openjfx\cache\21.0.2+5\amd64\api-ms-win-core-synch-l1-1-0.dll
0x00000213f4a20000 - 0x00000213f4a23000 	C:\Users\tahan\.openjfx\cache\21.0.2+5\amd64\api-ms-win-core-synch-l1-2-0.dll
0x00000213f4a30000 - 0x00000213f4a33000 	C:\Users\tahan\.openjfx\cache\21.0.2+5\amd64\api-ms-win-core-sysinfo-l1-1-0.dll
0x00000213f4a40000 - 0x00000213f4a43000 	C:\Users\tahan\.openjfx\cache\21.0.2+5\amd64\api-ms-win-core-timezone-l1-1-0.dll
0x00000213f4a50000 - 0x00000213f4a53000 	C:\Users\tahan\.openjfx\cache\21.0.2+5\amd64\api-ms-win-core-util-l1-1-0.dll
0x00000213f4a60000 - 0x00000213f4a63000 	C:\Users\tahan\.openjfx\cache\21.0.2+5\amd64\api-ms-win-crt-conio-l1-1-0.dll
0x00000213f4a70000 - 0x00000213f4a74000 	C:\Users\tahan\.openjfx\cache\21.0.2+5\amd64\api-ms-win-crt-convert-l1-1-0.dll
0x00000213f4a80000 - 0x00000213f4a83000 	C:\Users\tahan\.openjfx\cache\21.0.2+5\amd64\api-ms-win-crt-environment-l1-1-0.dll
0x00000213f4a90000 - 0x00000213f4a93000 	C:\Users\tahan\.openjfx\cache\21.0.2+5\amd64\api-ms-win-crt-filesystem-l1-1-0.dll
0x00000213f4aa0000 - 0x00000213f4aa3000 	C:\Users\tahan\.openjfx\cache\21.0.2+5\amd64\api-ms-win-crt-heap-l1-1-0.dll
0x00000213f4ab0000 - 0x00000213f4ab3000 	C:\Users\tahan\.openjfx\cache\21.0.2+5\amd64\api-ms-win-crt-locale-l1-1-0.dll
0x00000213f4ac0000 - 0x00000213f4ac5000 	C:\Users\tahan\.openjfx\cache\21.0.2+5\amd64\api-ms-win-crt-math-l1-1-0.dll
0x00000213f4ad0000 - 0x00000213f4ad5000 	C:\Users\tahan\.openjfx\cache\21.0.2+5\amd64\api-ms-win-crt-multibyte-l1-1-0.dll
0x00000213f4ae0000 - 0x00000213f4af0000 	C:\Users\tahan\.openjfx\cache\21.0.2+5\amd64\api-ms-win-crt-private-l1-1-0.dll
0x00000213f4af0000 - 0x00000213f4af3000 	C:\Users\tahan\.openjfx\cache\21.0.2+5\amd64\api-ms-win-crt-process-l1-1-0.dll
0x00000213f4b00000 - 0x00000213f4b04000 	C:\Users\tahan\.openjfx\cache\21.0.2+5\amd64\api-ms-win-crt-runtime-l1-1-0.dll
0x00000213f4b10000 - 0x00000213f4b14000 	C:\Users\tahan\.openjfx\cache\21.0.2+5\amd64\api-ms-win-crt-stdio-l1-1-0.dll
0x00000213f4b20000 - 0x00000213f4b24000 	C:\Users\tahan\.openjfx\cache\21.0.2+5\amd64\api-ms-win-crt-string-l1-1-0.dll
0x00000213f4b30000 - 0x00000213f4b33000 	C:\Users\tahan\.openjfx\cache\21.0.2+5\amd64\api-ms-win-crt-time-l1-1-0.dll
0x00000213f4b40000 - 0x00000213f4b43000 	C:\Users\tahan\.openjfx\cache\21.0.2+5\amd64\api-ms-win-crt-utility-l1-1-0.dll
0x00007ffcd6650000 - 0x00007ffcd674c000 	C:\Users\tahan\.openjfx\cache\21.0.2+5\amd64\ucrtbase.dll
0x00007ffcec160000 - 0x00007ffcec17b000 	C:\Users\tahan\.openjfx\cache\21.0.2+5\amd64\vcruntime140.dll
0x00007ffcece20000 - 0x00007ffcece2c000 	C:\Users\tahan\.openjfx\cache\21.0.2+5\amd64\vcruntime140_1.dll
0x00007ffcd65c0000 - 0x00007ffcd664e000 	C:\Users\tahan\.openjfx\cache\21.0.2+5\amd64\msvcp140.dll
0x00007ffcec570000 - 0x00007ffcec579000 	C:\Users\tahan\.openjfx\cache\21.0.2+5\amd64\msvcp140_1.dll
0x00007ffcec010000 - 0x00007ffcec051000 	C:\Users\tahan\.openjfx\cache\21.0.2+5\amd64\msvcp140_2.dll
0x00007ffcec130000 - 0x00007ffcec160000 	C:\Users\tahan\.openjfx\cache\21.0.2+5\amd64\prism_d3d.dll
0x00007ffcb6620000 - 0x00007ffcb67c9000 	C:\windows\system32\d3d9.dll
0x00007ffd18980000 - 0x00007ffd189ab000 	C:\windows\SYSTEM32\dwmapi.dll
0x00007ffd18810000 - 0x00007ffd18849000 	C:\windows\SYSTEM32\dxcore.dll
0x00007ffd186f0000 - 0x00007ffd1879b000 	C:\windows\system32\uxtheme.dll
0x00007ffd12140000 - 0x00007ffd122fb000 	C:\windows\System32\DriverStore\FileRepository\u0387389.inf_amd64_995be970e30b8c79\B385477\aticfx64.dll
0x00007ffcea840000 - 0x00007ffcea874000 	C:\windows\System32\DriverStore\FileRepository\u0387389.inf_amd64_995be970e30b8c79\B385477\atiu9p64.dll
0x00007ffc77d60000 - 0x00007ffc78ab5000 	C:\windows\System32\DriverStore\FileRepository\u0387389.inf_amd64_995be970e30b8c79\B385477\atiumd64.dll
0x00007ffd1cbc0000 - 0x00007ffd1cd65000 	C:\windows\System32\ole32.dll
0x000000006a170000 - 0x000000006b097000 	C:\windows\System32\DriverStore\FileRepository\u0387389.inf_amd64_995be970e30b8c79\B385477\atiumd6a.dll
0x00007ffd1cf90000 - 0x00007ffd1d404000 	C:\windows\System32\SETUPAPI.dll
0x00007ffd1aa90000 - 0x00007ffd1aadd000 	C:\windows\SYSTEM32\POWRPROF.dll
0x00007ffd1aa70000 - 0x00007ffd1aa83000 	C:\windows\SYSTEM32\UMPDC.dll
0x00007ffd0fcd0000 - 0x00007ffd0fd05000 	C:\windows\SYSTEM32\amdihk64.dll
0x00007ffd159a0000 - 0x00007ffd159ea000 	C:\windows\SYSTEM32\directxdatabasehelper.dll
0x00007ffcdbc70000 - 0x00007ffcdbcb2000 	C:\Users\tahan\.openjfx\cache\21.0.2+5\amd64\glass.dll
0x00007ffd1ca40000 - 0x00007ffd1cb39000 	C:\windows\System32\COMDLG32.dll
0x00007ffd1c810000 - 0x00007ffd1c963000 	C:\windows\System32\MSCTF.dll
0x00007ffcebff0000 - 0x00007ffcec004000 	C:\Users\tahan\.openjfx\cache\21.0.2+5\amd64\javafx_font.dll
0x00007ffd17030000 - 0x00007ffd172a4000 	C:\windows\SYSTEM32\dwrite.dll
0x00007ffd15f10000 - 0x00007ffd15f3d000 	C:\Users\tahan\.openjfx\cache\21.0.2+5\amd64\javafx_iio.dll

dbghelp: loaded successfully - version: 4.0.5 - missing functions: none
symbol engine: initialized successfully - sym options: 0x614 - pdb path: .;C:\Program Files\Java\jdk-17\bin;C:\windows\SYSTEM32;C:\windows\WinSxS\amd64_microsoft.windows.common-controls_6595b64144ccf1df_6.0.22621.3235_none_270f74e173860f98;C:\Program Files\Java\jdk-17\bin\server;C:\Users\tahan\.openjfx\cache\21.0.2+5\amd64;C:\windows\System32\DriverStore\FileRepository\u0387389.inf_amd64_995be970e30b8c79\B385477

VM Arguments:
jvm_args: --module-path=C:\Users\tahan\.m2\repository\org\openjfx\javafx-base\21.0.2\javafx-base-21.0.2-win.jar;C:\Users\tahan\.m2\repository\org\openjfx\javafx-base\21.0.2\javafx-base-21.0.2.jar;C:\Users\tahan\.m2\repository\org\openjfx\javafx-controls\21.0.2\javafx-controls-21.0.2-win.jar;C:\Users\tahan\.m2\repository\org\openjfx\javafx-controls\21.0.2\javafx-controls-21.0.2.jar;C:\Users\tahan\.m2\repository\org\openjfx\javafx-fxml\21.0.2\javafx-fxml-21.0.2-win.jar;C:\Users\tahan\.m2\repository\org\openjfx\javafx-fxml\21.0.2\javafx-fxml-21.0.2.jar;C:\Users\tahan\.m2\repository\org\openjfx\javafx-graphics\21.0.2\javafx-graphics-21.0.2-win.jar;C:\Users\tahan\.m2\repository\org\openjfx\javafx-graphics\21.0.2\javafx-graphics-21.0.2.jar;C:\Users\tahan\.m2\repository\org\openjfx\javafx-media\17.0.6\javafx-media-17.0.6-win.jar;C:\Users\tahan\.m2\repository\org\openjfx\javafx-media\17.0.6\javafx-media-17.0.6.jar;C:\Users\tahan\.m2\repository\org\openjfx\javafx-swing\17.0.6\javafx-swing-17.0.6-win.jar;C:\Users\tahan\.m2\repository\org\openjfx\javafx-swing\17.0.6\javafx-swing-17.0.6.jar;C:\Users\tahan\.m2\repository\org\openjfx\javafx-web\17.0.6\javafx-web-17.0.6-win.jar;C:\Users\tahan\.m2\repository\org\openjfx\javafx-web\17.0.6\javafx-web-17.0.6.jar --add-modules=javafx.base,javafx.controls,javafx.fxml,javafx.graphics,javafx.media,javafx.swing,javafx.web 
java_command: Tests.MainFX
java_class_path (initial): C:\Users\tahan\OneDrive\Bureau\projetjava\GlowAppJava\GlowAppJava\target\classes;C:\Users\tahan\.m2\repository\antlr\antlr\2.7.7\antlr-2.7.7.jar;C:\Users\tahan\.m2\repository\com\beust\jcommander\1.82\jcommander-1.82.jar;C:\Users\tahan\.m2\repository\com\dlsc\formsfx\formsfx-core\11.6.0\formsfx-core-11.6.0.jar;C:\Users\tahan\.m2\repository\com\fasterxml\classmate\1.5.1\classmate-1.5.1.jar;C:\Users\tahan\.m2\repository\com\fasterxml\jackson\core\jackson-annotations\2.14.2\jackson-annotations-2.14.2.jar;C:\Users\tahan\.m2\repository\com\fasterxml\jackson\core\jackson-core\2.12.4\jackson-core-2.12.4.jar;C:\Users\tahan\.m2\repository\com\fasterxml\jackson\core\jackson-databind\2.14.2\jackson-databind-2.14.2.jar;C:\Users\tahan\.m2\repository\com\github\almasb\fxgl\17.3\fxgl-17.3.jar;C:\Users\tahan\.m2\repository\com\github\almasb\fxgl-core\17.3\fxgl-core-17.3.jar;C:\Users\tahan\.m2\repository\com\github\almasb\fxgl-entity\17.3\fxgl-entity-17.3.jar;C:\Users\tahan\.m2\repository\com\github\almasb\fxgl-gameplay\17.3\fxgl-gameplay-17.3.jar;C:\Users\tahan\.m2\repository\com\github\almasb\fxgl-io\17.3\fxgl-io-17.3.jar;C:\Users\tahan\.m2\repository\com\github\almasb\fxgl-scene\17.3\fxgl-scene-17.3.jar;C:\Users\tahan\.m2\repository\com\github\aytchell\qrgen\2.0.0\qrgen-2.0.0.jar;C:\Users\tahan\.m2\repository\com\github\jai-imageio\jai-imageio-core\1.4.0\jai-imageio-core-1.4.0.jar;C:\Users\tahan\.m2\repository\com\gluonhq\attach\audio\4.0.17\audio-4.0.17.jar;C:\Users\tahan\.m2\repository\com\gluonhq\attach\lifecycle\4.0.17\lifecycle-4.0.17.jar;C:\Users\tahan\.m2\repository\com\gluonhq\attach\storage\4.0.17\storage-4.0.17.jar;C:\Users\tahan\.m2\repository\com\gluonhq\attach\util\4.0.17\util-4.0.17.jar;C:\Users\tahan\.m2\repository\com\google\android\annotations\4.1.1.4\annotations-4.1.1.4.jar;C:\Users\tahan\.m2\repository\com\google\api\api-common\2.0.0\api-common-2.0.0.jar;C:\Users\tahan\.m2\repository\com\google\api\gax\2.0.0\gax-2.0.0.jar;C:\Users\t
Launcher Type: SUN_STANDARD

[Global flags]
     intx CICompilerCount                          = 12                                        {product} {ergonomic}
     uint ConcGCThreads                            = 3                                         {product} {ergonomic}
     uint G1ConcRefinementThreads                  = 13                                        {product} {ergonomic}
   size_t G1HeapRegionSize                         = 2097152                                   {product} {ergonomic}
    uintx GCDrainStackTargetSize                   = 64                                        {product} {ergonomic}
   size_t InitialHeapSize                          = 199229440                                 {product} {ergonomic}
   size_t MarkStackSize                            = 4194304                                   {product} {ergonomic}
   size_t MaxHeapSize                              = 3175088128                                {product} {ergonomic}
   size_t MaxNewSize                               = 1904214016                                {product} {ergonomic}
   size_t MinHeapDeltaBytes                        = 2097152                                   {product} {ergonomic}
   size_t MinHeapSize                              = 8388608                                   {product} {ergonomic}
    uintx NonNMethodCodeHeapSize                   = 7602480                                {pd product} {ergonomic}
    uintx NonProfiledCodeHeapSize                  = 122027880                              {pd product} {ergonomic}
    uintx ProfiledCodeHeapSize                     = 122027880                              {pd product} {ergonomic}
    uintx ReservedCodeCacheSize                    = 251658240                              {pd product} {ergonomic}
     bool SegmentedCodeCache                       = true                                      {product} {ergonomic}
   size_t SoftMaxHeapSize                          = 3175088128                             {manageable} {ergonomic}
     bool UseCompressedClassPointers               = true                           {product lp64_product} {ergonomic}
     bool UseCompressedOops                        = true                           {product lp64_product} {ergonomic}
     bool UseG1GC                                  = true                                      {product} {ergonomic}
     bool UseLargePagesIndividualAllocation        = false                                  {pd product} {ergonomic}

Logging:
Log output configuration:
 #0: stdout all=warning uptime,level,tags
 #1: stderr all=off uptime,level,tags

Environment Variables:
PATH=C:\Program Files\Common Files\Oracle\Java\javapath;C:\Program Files (x86)\Common Files\Oracle\Java\javapath;C:\oraclexe\app\oracle\product\10.2.0\server\bin;C:\windows\system32;C:\windows;C:\windows\System32\Wbem;C:\windows\System32\WindowsPowerShell\v1.0\;C:\windows\System32\OpenSSH\;C:\ProgramData\ComposerSetup\bin;C:\Program Files\Git\cmd;C:\Program Files\Process Lasso\;C:\xampp\php;C:\Windows\system32;C:\Windows;C:\Windows\System32\Wbem;C:\Windows\System32\WindowsPowerShell\v1.0\;
USERNAME=tahan
OS=Windows_NT
PROCESSOR_IDENTIFIER=AMD64 Family 23 Model 104 Stepping 1, AuthenticAMD



---------------  S Y S T E M  ---------------

OS:
 Windows 11 , 64 bit Build 22621 (10.0.22621.3374)
OS uptime: 0 days 13:32 hours
Hyper-V role detected

CPU: total 16 (initial active 16) (16 cores per cpu, 2 threads per core) family 23 model 104 stepping 1 microcode 0x0, cx8, cmov, fxsr, ht, mmx, 3dnowpref, sse, sse2, sse3, ssse3, sse4a, sse4.1, sse4.2, popcnt, lzcnt, tsc, tscinvbit, avx, avx2, aes, clmul, bmi1, bmi2, adx, sha, fma, vzeroupper, clflush, clflushopt, hv

Memory: 4k page, system-wide physical 12109M (1302M free)
TotalPageFile size 18253M (AvailPageFile size 6M)
current process WorkingSet (physical memory assigned to process): 134M, peak: 135M
current process commit charge ("private bytes"): 356M, peak: 359M

vm_info: Java HotSpot(TM) 64-Bit Server VM (17.0.10+11-LTS-240) for windows-amd64 JRE (17.0.10+11-LTS-240), built on Dec 19 2023 21:47:25 by "mach5one" with MS VC++ 17.1 (VS2022)

END.
