#
# There is insufficient memory for the Java Runtime Environment to continue.
# Native memory allocation (mmap) failed to map 199229440 bytes for G1 virtual space
# Possible reasons:
#   The system is out of physical RAM or swap space
#   The process is running with CompressedOops enabled, and the Java Heap may be blocking the growth of the native heap
# Possible solutions:
#   Reduce memory load on the system
#   Increase physical memory or swap space
#   Check if swap backing store is full
#   Decrease Java heap size (-Xmx/-Xms)
#   Decrease number of Java threads
#   Decrease Java thread stack sizes (-Xss)
#   Set larger code cache with -XX:ReservedCodeCacheSize=
#   JVM is running with Zero Based Compressed Oops mode in which the Java heap is
#     placed in the first 32GB address space. The Java Heap base address is the
#     maximum limit for the native heap growth. Please use -XX:HeapBaseMinAddress
#     to set the Java Heap base and to place the Java Heap above 32GB virtual address.
# This output file may be truncated or incomplete.
#
#  Out of Memory Error (os_windows.cpp:3825), pid=15860, tid=19440
#
# JRE version:  (17.0.9+8) (build )
# Java VM: OpenJDK 64-Bit Server VM (17.0.9+8-b1166.2, mixed mode, sharing, tiered, compressed oops, compressed class ptrs, g1 gc, windows-amd64)
# No core dump will be written. Minidumps are not enabled by default on client versions of Windows
#

---------------  S U M M A R Y ------------

Command Line: -Dmaven.multiModuleProjectDirectory=C:\Users\tahan\OneDrive\Bureau\projetjava\GlowAppJava\GlowAppJava -Djansi.passthrough=true -Dmaven.home=C:\Program Files\JetBrains\IntelliJ IDEA 2023.3.4\plugins\maven\lib\maven3 -Dclassworlds.conf=C:\Program Files\JetBrains\IntelliJ IDEA 2023.3.4\plugins\maven\lib\maven3\bin\m2.conf -Dmaven.ext.class.path=C:\Program Files\JetBrains\IntelliJ IDEA 2023.3.4\plugins\maven\lib\maven-event-listener.jar -javaagent:C:\Program Files\JetBrains\IntelliJ IDEA 2023.3.4\lib\idea_rt.jar=55342:C:\Program Files\JetBrains\IntelliJ IDEA 2023.3.4\bin -Dfile.encoding=UTF-8 org.codehaus.classworlds.Launcher -Didea.version=2023.3.4 org.openjfx:javafx-maven-plugin:0.0.8:run

Host: AMD Ryzen 7 5700U with Radeon Graphics         , 16 cores, 11G,  Windows 11 , 64 bit Build 22621 (10.0.22621.3374)
Time: Tue May  7 23:38:23 2024 Maroc (heure d64 bit Build 22621 (10.0.22621.3374) elapsed time: 0.012185 seconds (0d 0h 0m 0s)

---------------  T H R E A D  ---------------

Current thread (0x00000251a676b2b0):  JavaThread "Unknown thread" [_thread_in_vm, id=19440, stack(0x00000078db900000,0x00000078dba00000)]

Stack: [0x00000078db900000,0x00000078dba00000]
Native frames: (J=compiled Java code, j=interpreted, Vv=VM code, C=native code)
V  [jvm.dll+0x688349]  os::platform_print_native_stack+0xd9  (os_windows_x86.cpp:235)
V  [jvm.dll+0x841bfa]  VMError::report+0xc6a  (vmError.cpp:855)
V  [jvm.dll+0x84383e]  VMError::report_and_die+0x78e  (vmError.cpp:1749)
V  [jvm.dll+0x843ea3]  VMError::report_and_die+0x43  (vmError.cpp:1535)
V  [jvm.dll+0x24bdef]  report_vm_out_of_memory+0x8f  (debug.cpp:321)
V  [jvm.dll+0x6850f9]  os::pd_commit_memory_or_exit+0xc9  (os_windows.cpp:3833)
V  [jvm.dll+0x67988a]  os::commit_memory_or_exit+0x2a  (os.cpp:1739)
V  [jvm.dll+0x30cbfb]  G1PageBasedVirtualSpace::commit+0x19b  (g1PageBasedVirtualSpace.cpp:204)
V  [jvm.dll+0x3140a6]  G1RegionsLargerThanCommitSizeMapper::commit_regions+0x96  (g1RegionToSpaceMapper.cpp:100)
V  [jvm.dll+0x363ede]  HeapRegionManager::expand_any+0xee  (heapRegionManager.cpp:363)
V  [jvm.dll+0x36410f]  HeapRegionManager::expand_by+0x7f  (heapRegionManager.cpp:380)
V  [jvm.dll+0x2e29c8]  G1CollectedHeap::expand+0xb8  (g1CollectedHeap.cpp:1298)
V  [jvm.dll+0x2e3934]  G1CollectedHeap::initialize+0x664  (g1CollectedHeap.cpp:1719)
V  [jvm.dll+0x812771]  universe_init+0xb1  (universe.cpp:736)
V  [jvm.dll+0x371d41]  init_globals+0x31  (init.cpp:124)
V  [jvm.dll+0x7f12bc]  Threads::create_vm+0x60c  (thread.cpp:2909)
V  [jvm.dll+0x3f59cf]  JNI_CreateJavaVM_inner+0x8f  (jni.cpp:3635)
V  [jvm.dll+0x3f7601]  JNI_CreateJavaVM+0x11  (jni.cpp:3727)
C  [jli.dll+0x528f]  JavaMain+0x113  (java.c:413)
C  [ucrtbase.dll+0x29333]
C  [KERNEL32.DLL+0x1257d]
C  [ntdll.dll+0x5aa48]


---------------  P R O C E S S  ---------------

Threads class SMR info:
_java_thread_list=0x00007ffcc688df18, length=0, elements={
}

Java Threads: ( => current thread )

Other Threads:
  0x00000251a67c4940 GCTaskThread "GC Thread#0" [stack: 0x00000078dba00000,0x00000078dbb00000] [id=9196]
  0x00000251a67d15d0 ConcurrentGCThread "G1 Main Marker" [stack: 0x00000078dbb00000,0x00000078dbc00000] [id=26856]
  0x00000251a67d1ff0 ConcurrentGCThread "G1 Conc#0" [stack: 0x00000078dbc00000,0x00000078dbd00000] [id=26536]

[error occurred during error reporting (printing all threads), id 0xc0000005, EXCEPTION_ACCESS_VIOLATION (0xc0000005) at pc=0x00007ffcc6043597]

VM state: not at safepoint (not fully initialized)

VM Mutex/Monitor currently owned by a thread:  ([mutex/lock_event])
[0x00000251a6767020] Heap_lock - owner thread: 0x00000251a676b2b0

Heap address: 0x0000000742c00000, size: 3028 MB, Compressed Oops mode: Zero based, Oop shift amount: 3

CDS archive(s) mapped at: [0x0000000000000000-0x0000000000000000-0x0000000000000000), size 0, SharedBaseAddress: 0x0000000800000000, ArchiveRelocationMode: 1.
Narrow klass base: 0x0000000000000000, Narrow klass shift: 0, Narrow klass range: 0x0

GC Precious Log:
<Empty>

Heap:
 garbage-first heap   total 0K, used 0K [0x0000000742c00000, 0x0000000800000000)
  region size 2048K, 0 young (0K), 0 survivors (0K)
 Metaspace       used 0K, committed 0K, reserved 0K
  class space    used 0K, committed 0K, reserved 0K

Heap Regions: E=young(eden), S=young(survivor), O=old, HS=humongous(starts), HC=humongous(continues), CS=collection set, F=free, OA=open archive, CA=closed archive, TAMS=top-at-mark-start (previous, next)

Card table byte_map: [0x00000251b9da0000,0x00000251ba390000] _byte_map_base: 0x00000251b638a000

Marking Bits (Prev, Next): (CMBitMap*) 0x00000251a67c4f60, (CMBitMap*) 0x00000251a67c4fa0
 Prev Bits: [0x00000251ba980000, 0x00000251bd8d0000)
 Next Bits: [0x00000251bd8d0000, 0x00000251c0820000)

GC Heap History (0 events):
No events

Dll operation events (1 events):
Event: 0.008 Loaded shared library C:\Users\tahan\.jdks\jbr-17.0.9\bin\java.dll

Deoptimization events (0 events):
No events

Classes unloaded (0 events):
No events

Classes redefined (0 events):
No events

Internal exceptions (0 events):
No events

VM Operations (0 events):
No events

Events (0 events):
No events


Dynamic libraries:
0x00007ff678930000 - 0x00007ff67893a000 	C:\Users\tahan\.jdks\jbr-17.0.9\bin\java.exe
0x00007ffd1def0000 - 0x00007ffd1e106000 	C:\windows\SYSTEM32\ntdll.dll
0x00007ffd1c970000 - 0x00007ffd1ca34000 	C:\windows\System32\KERNEL32.DLL
0x00007ffd1b630000 - 0x00007ffd1b9d7000 	C:\windows\System32\KERNELBASE.dll
0x00007ffd1b510000 - 0x00007ffd1b621000 	C:\windows\System32\ucrtbase.dll
0x00007ffd01700000 - 0x00007ffd0171b000 	C:\Users\tahan\.jdks\jbr-17.0.9\bin\VCRUNTIME140.dll
0x00007ffd02970000 - 0x00007ffd02987000 	C:\Users\tahan\.jdks\jbr-17.0.9\bin\jli.dll
0x00007ffd1d410000 - 0x00007ffd1d5be000 	C:\windows\System32\USER32.dll
0x00007ffd1b9e0000 - 0x00007ffd1ba06000 	C:\windows\System32\win32u.dll
0x00007ffd135a0000 - 0x00007ffd13833000 	C:\windows\WinSxS\amd64_microsoft.windows.common-controls_6595b64144ccf1df_6.0.22621.3235_none_270f74e173860f98\COMCTL32.dll
0x00007ffd1c500000 - 0x00007ffd1c5a7000 	C:\windows\System32\msvcrt.dll
0x00007ffd1cd70000 - 0x00007ffd1cd99000 	C:\windows\System32\GDI32.dll
0x00007ffd1ba10000 - 0x00007ffd1bb29000 	C:\windows\System32\gdi32full.dll
0x00007ffd1b470000 - 0x00007ffd1b50a000 	C:\windows\System32\msvcp_win.dll
0x00007ffd1c5b0000 - 0x00007ffd1c5e1000 	C:\windows\System32\IMM32.DLL
0x00007ffd02960000 - 0x00007ffd0296c000 	C:\Users\tahan\.jdks\jbr-17.0.9\bin\vcruntime140_1.dll
0x00007ffcebf60000 - 0x00007ffcebfed000 	C:\Users\tahan\.jdks\jbr-17.0.9\bin\msvcp140.dll
0x00007ffcc5d50000 - 0x00007ffcc69d2000 	C:\Users\tahan\.jdks\jbr-17.0.9\bin\server\jvm.dll
0x00007ffd1c0e0000 - 0x00007ffd1c192000 	C:\windows\System32\ADVAPI32.dll
0x00007ffd1c030000 - 0x00007ffd1c0d8000 	C:\windows\System32\sechost.dll
0x00007ffd1b210000 - 0x00007ffd1b238000 	C:\windows\System32\bcrypt.dll
0x00007ffd1c2e0000 - 0x00007ffd1c3f5000 	C:\windows\System32\RPCRT4.dll
0x00007ffd1aa90000 - 0x00007ffd1aadd000 	C:\windows\SYSTEM32\POWRPROF.dll
0x00007ffd133b0000 - 0x00007ffd133ba000 	C:\windows\SYSTEM32\VERSION.dll
0x00007ffd03620000 - 0x00007ffd03629000 	C:\windows\SYSTEM32\WSOCK32.dll
0x00007ffd12f10000 - 0x00007ffd12f44000 	C:\windows\SYSTEM32\WINMM.dll
0x00007ffd1cb40000 - 0x00007ffd1cbb1000 	C:\windows\System32\WS2_32.dll
0x00007ffd1aa70000 - 0x00007ffd1aa83000 	C:\windows\SYSTEM32\UMPDC.dll
0x00007ffd1a1f0000 - 0x00007ffd1a208000 	C:\windows\SYSTEM32\kernel.appcore.dll
0x00007ffd01760000 - 0x00007ffd0176a000 	C:\Users\tahan\.jdks\jbr-17.0.9\bin\jimage.dll
0x00007ffd0f8a0000 - 0x00007ffd0fad3000 	C:\windows\SYSTEM32\DBGHELP.DLL
0x00007ffd1bc80000 - 0x00007ffd1c008000 	C:\windows\System32\combase.dll
0x00007ffd1ceb0000 - 0x00007ffd1cf87000 	C:\windows\System32\OLEAUT32.dll
0x00007ffd0f640000 - 0x00007ffd0f672000 	C:\windows\SYSTEM32\dbgcore.DLL
0x00007ffd1bba0000 - 0x00007ffd1bc19000 	C:\windows\System32\bcryptPrimitives.dll
0x00007ffd172b0000 - 0x00007ffd172be000 	C:\Users\tahan\.jdks\jbr-17.0.9\bin\instrument.dll
0x00007ffd011f0000 - 0x00007ffd01215000 	C:\Users\tahan\.jdks\jbr-17.0.9\bin\java.dll

dbghelp: loaded successfully - version: 4.0.5 - missing functions: none
symbol engine: initialized successfully - sym options: 0x614 - pdb path: .;C:\Users\tahan\.jdks\jbr-17.0.9\bin;C:\windows\SYSTEM32;C:\windows\WinSxS\amd64_microsoft.windows.common-controls_6595b64144ccf1df_6.0.22621.3235_none_270f74e173860f98;C:\Users\tahan\.jdks\jbr-17.0.9\bin\server

VM Arguments:
jvm_args: -Dmaven.multiModuleProjectDirectory=C:\Users\tahan\OneDrive\Bureau\projetjava\GlowAppJava\GlowAppJava -Djansi.passthrough=true -Dmaven.home=C:\Program Files\JetBrains\IntelliJ IDEA 2023.3.4\plugins\maven\lib\maven3 -Dclassworlds.conf=C:\Program Files\JetBrains\IntelliJ IDEA 2023.3.4\plugins\maven\lib\maven3\bin\m2.conf -Dmaven.ext.class.path=C:\Program Files\JetBrains\IntelliJ IDEA 2023.3.4\plugins\maven\lib\maven-event-listener.jar -javaagent:C:\Program Files\JetBrains\IntelliJ IDEA 2023.3.4\lib\idea_rt.jar=55342:C:\Program Files\JetBrains\IntelliJ IDEA 2023.3.4\bin -Dfile.encoding=UTF-8 
java_command: org.codehaus.classworlds.Launcher -Didea.version=2023.3.4 org.openjfx:javafx-maven-plugin:0.0.8:run
java_class_path (initial): C:\Program Files\JetBrains\IntelliJ IDEA 2023.3.4\plugins\maven\lib\maven3\boot\plexus-classworlds-2.7.0.jar;C:\Program Files\JetBrains\IntelliJ IDEA 2023.3.4\plugins\maven\lib\maven3\boot\plexus-classworlds.license
Launcher Type: SUN_STANDARD

[Global flags]
     intx CICompilerCount                          = 12                                        {product} {ergonomic}
     uint ConcGCThreads                            = 3                                         {product} {ergonomic}
     uint G1ConcRefinementThreads                  = 13                                        {product} {ergonomic}
   size_t G1HeapRegionSize                         = 2097152                                   {product} {ergonomic}
    uintx GCDrainStackTargetSize                   = 64                                        {product} {ergonomic}
   size_t InitialHeapSize                          = 199229440                                 {product} {ergonomic}
   size_t MarkStackSize                            = 4194304                                   {product} {ergonomic}
   size_t MaxHeapSize                              = 3175088128                                {product} {ergonomic}
   size_t MinHeapDeltaBytes                        = 2097152                                   {product} {ergonomic}
   size_t MinHeapSize                              = 8388608                                   {product} {ergonomic}
    uintx NonNMethodCodeHeapSize                   = 7602480                                {pd product} {ergonomic}
    uintx NonProfiledCodeHeapSize                  = 122027880                              {pd product} {ergonomic}
    uintx ProfiledCodeHeapSize                     = 122027880                              {pd product} {ergonomic}
    uintx ReservedCodeCacheSize                    = 251658240                              {pd product} {ergonomic}
     bool SegmentedCodeCache                       = true                                      {product} {ergonomic}
   size_t SoftMaxHeapSize                          = 3175088128                             {manageable} {ergonomic}
     bool UseCompressedClassPointers               = true                           {product lp64_product} {ergonomic}
     bool UseCompressedOops                        = true                           {product lp64_product} {ergonomic}
     bool UseG1GC                                  = true                                      {product} {ergonomic}
     bool UseLargePagesIndividualAllocation        = false                                  {pd product} {ergonomic}

Logging:
Log output configuration:
 #0: stdout all=warning uptime,level,tags
 #1: stderr all=off uptime,level,tags

Environment Variables:
PATH=C:\Program Files\Common Files\Oracle\Java\javapath;C:\Program Files (x86)\Common Files\Oracle\Java\javapath;C:\oraclexe\app\oracle\product\10.2.0\server\bin;C:\windows\system32;C:\windows;C:\windows\System32\Wbem;C:\windows\System32\WindowsPowerShell\v1.0\;C:\windows\System32\OpenSSH\;C:\ProgramData\ComposerSetup\bin;C:\Program Files\Git\cmd;C:\Program Files\Process Lasso\;C:\xampp\php;C:\Windows\system32;C:\Windows;C:\Windows\System32\Wbem;C:\Windows\System32\WindowsPowerShell\v1.0\;
USERNAME=tahan
OS=Windows_NT
PROCESSOR_IDENTIFIER=AMD64 Family 23 Model 104 Stepping 1, AuthenticAMD
TMP=C:\Users\tahan\AppData\Local\Temp
TEMP=C:\Users\tahan\AppData\Local\Temp



Periodic native trim disabled

JNI global refs:
JNI global refs: 0, weak refs: 0

JNI global refs memory usage: 0, weak refs: 0

OOME stack traces (most recent first):
Classloader memory used:


---------------  S Y S T E M  ---------------

OS:
 Windows 11 , 64 bit Build 22621 (10.0.22621.3374)
OS uptime: 0 days 13:06 hours
Hyper-V role detected

CPU: total 16 (initial active 16) (16 cores per cpu, 2 threads per core) family 23 model 104 stepping 1 microcode 0x0, cx8, cmov, fxsr, ht, mmx, 3dnowpref, sse, sse2, sse3, ssse3, sse4a, sse4.1, sse4.2, popcnt, lzcnt, tsc, tscinvbit, avx, avx2, aes, clmul, bmi1, bmi2, adx, sha, fma, vzeroupper, clflush, clflushopt, hv
Processor Information for all 16 processors :
  Max Mhz: 1801, Current Mhz: 1801, Mhz Limit: 1801

Memory: 4k page, system-wide physical 12109M (1176M free)
TotalPageFile size 18253M (AvailPageFile size 61M)
current process WorkingSet (physical memory assigned to process): 45M, peak: 45M
current process commit charge ("private bytes"): 103M, peak: 260M

vm_info: OpenJDK 64-Bit Server VM (17.0.9+8-b1166.2) for windows-amd64 JRE (17.0.9+8-b1166.2), built on 2024-01-13 by "builduser" with MS VC++ 16.10 / 16.11 (VS2019)

END.
